The system is: Linux - 3.10.0-693.el7.x86_64 - x86_64
Compiling the C compiler identification source file "CMakeCCompilerId.c" succeeded.
Compiler: /public/home/fengcong/anaconda2/bin/x86_64-conda_cos6-linux-gnu-cc 
Build flags: -march=nocona;-mtune=haswell;-ftree-vectorize;-fPIC;-fstack-protector-strong;-fno-plt;-O2;-ffunction-sections;-pipe;-isystem;/public/home/fengcong/anaconda2/include
Id flags:  

The output was:
0


Compilation of the C compiler identification source "CMakeCCompilerId.c" produced "a.out"

The C compiler identification is GNU, found in "/public/agis/chengshifeng_group/fengcong/WGRS/software/Fc-code/IBScpp/build/CMakeFiles/3.20.2/CompilerIdC/a.out"

Compiling the CXX compiler identification source file "CMakeCXXCompilerId.cpp" succeeded.
Compiler: /public/home/fengcong/anaconda2/bin/x86_64-conda_cos6-linux-gnu-c++ 
Build flags: -fvisibility-inlines-hidden;-std=c++17;-fmessage-length=0;-march=nocona;-mtune=haswell;-ftree-vectorize;-fPIC;-fstack-protector-strong;-fno-plt;-O2;-ffunction-sections;-pipe;-isystem;/public/home/fengcong/anaconda2/include
Id flags:  

The output was:
0


Compilation of the CXX compiler identification source "CMakeCXXCompilerId.cpp" produced "a.out"

The CXX compiler identification is GNU, found in "/public/agis/chengshifeng_group/fengcong/WGRS/software/Fc-code/IBScpp/build/CMakeFiles/3.20.2/CompilerIdCXX/a.out"

Detecting C compiler ABI info compiled with the following output:
Change Dir: /public/agis/chengshifeng_group/fengcong/WGRS/software/Fc-code/IBScpp/build/CMakeFiles/CMakeTmp

Run Build Command(s):/usr/bin/gmake -f Makefile cmTC_9cf6f/fast && /usr/bin/gmake  -f CMakeFiles/cmTC_9cf6f.dir/build.make CMakeFiles/cmTC_9cf6f.dir/build
gmake[1]: Entering directory `/public/agis/chengshifeng_group/fengcong/WGRS/software/Fc-code/IBScpp/build/CMakeFiles/CMakeTmp'
Building C object CMakeFiles/cmTC_9cf6f.dir/CMakeCCompilerABI.c.o
/public/home/fengcong/anaconda2/bin/x86_64-conda_cos6-linux-gnu-cc   -march=nocona -mtune=haswell -ftree-vectorize -fPIC -fstack-protector-strong -fno-plt -O2 -ffunction-sections -pipe -isystem /public/home/fengcong/anaconda2/include    -v -o CMakeFiles/cmTC_9cf6f.dir/CMakeCCompilerABI.c.o -c /public/agis/chengshifeng_group/fengcong/WGRS/software/cmake/install/share/cmake-3.20/Modules/CMakeCCompilerABI.c
Reading specs from /public/home/fengcong/anaconda2/bin/../lib/gcc/x86_64-conda_cos6-linux-gnu/7.3.0/specs
COLLECT_GCC=/public/home/fengcong/anaconda2/bin/x86_64-conda_cos6-linux-gnu-cc
Target: x86_64-conda_cos6-linux-gnu
Configured with: /home/rdonnelly/mc/conda-bld/compilers_linux-64_1534865402226/work/.build/x86_64-conda_cos6-linux-gnu/src/gcc/configure --build=x86_64-build_pc-linux-gnu --host=x86_64-build_pc-linux-gnu --target=x86_64-conda_cos6-linux-gnu --prefix=/home/rdonnelly/mc/conda-bld/compilers_linux-64_1534865402226/work/gcc_built --with-sysroot=/home/rdonnelly/mc/conda-bld/compilers_linux-64_1534865402226/work/gcc_built/x86_64-conda_cos6-linux-gnu/sysroot --enable-languages=c,c++,fortran,objc,obj-c++ --with-pkgversion='crosstool-NG 1.23.0.449-a04d0' --enable-__cxa_atexit --disable-libmudflap --enable-libgomp --disable-libssp --enable-libquadmath --enable-libquadmath-support --enable-libsanitizer --enable-libmpx --with-gmp=/home/rdonnelly/mc/conda-bld/compilers_linux-64_1534865402226/work/.build/x86_64-conda_cos6-linux-gnu/buildtools --with-mpfr=/home/rdonnelly/mc/conda-bld/compilers_linux-64_1534865402226/work/.build/x86_64-conda_cos6-linux-gnu/buildtools --with-mpc=/home/rdonnelly/mc/conda-bld/compilers_linux-64_1534865402226/work/.build/x86_64-conda_cos6-linux-gnu/buildtools --with-isl=/home/rdonnelly/mc/conda-bld/compilers_linux-64_1534865402226/work/.build/x86_64-conda_cos6-linux-gnu/buildtools --enable-lto --enable-threads=posix --enable-target-optspace --enable-plugin --enable-gold --disable-nls --disable-multilib --with-local-prefix=/home/rdonnelly/mc/conda-bld/compilers_linux-64_1534865402226/work/gcc_built/x86_64-conda_cos6-linux-gnu/sysroot --enable-long-long --enable-default-pie
Thread model: posix
gcc version 7.3.0 (crosstool-NG 1.23.0.449-a04d0) 
COLLECT_GCC_OPTIONS='-march=nocona' '-mtune=haswell' '-ftree-vectorize' '-fPIC' '-fstack-protector-strong' '-fno-plt' '-O2' '-ffunction-sections' '-pipe' '-isystem' '/public/home/fengcong/anaconda2/include' '-v' '-o' 'CMakeFiles/cmTC_9cf6f.dir/CMakeCCompilerABI.c.o' '-c'
 /public/home/fengcong/anaconda2/bin/../libexec/gcc/x86_64-conda_cos6-linux-gnu/7.3.0/cc1 -quiet -v -iprefix /public/home/fengcong/anaconda2/bin/../lib/gcc/x86_64-conda_cos6-linux-gnu/7.3.0/ -isysroot /public/home/fengcong/anaconda2/bin/../x86_64-conda_cos6-linux-gnu/sysroot -isystem /public/home/fengcong/anaconda2/include /public/agis/chengshifeng_group/fengcong/WGRS/software/cmake/install/share/cmake-3.20/Modules/CMakeCCompilerABI.c -quiet -dumpbase CMakeCCompilerABI.c -march=nocona -mtune=haswell -auxbase-strip CMakeFiles/cmTC_9cf6f.dir/CMakeCCompilerABI.c.o -O2 -version -ftree-vectorize -fPIC -fstack-protector-strong -fno-plt -ffunction-sections -o - |
 /public/home/fengcong/anaconda2/bin/../lib/gcc/x86_64-conda_cos6-linux-gnu/7.3.0/../../../../x86_64-conda_cos6-linux-gnu/bin/as -v --64 -o CMakeFiles/cmTC_9cf6f.dir/CMakeCCompilerABI.c.o
GNU assembler version 2.33.1 (x86_64-conda_cos6-linux-gnu) using BFD version (GNU Binutils) 2.33.1
GNU C11 (crosstool-NG 1.23.0.449-a04d0) version 7.3.0 (x86_64-conda_cos6-linux-gnu)
	compiled by GNU C version 4.4.7 20120313 (Red Hat 4.4.7-18), GMP version 6.1.2, MPFR version 4.0.1, MPC version 1.1.0, isl version isl-0.19-GMP

GGC heuristics: --param ggc-min-expand=100 --param ggc-min-heapsize=131072
ignoring duplicate directory "/public/home/fengcong/anaconda2/bin/../lib/gcc/../../lib/gcc/x86_64-conda_cos6-linux-gnu/7.3.0/include"
ignoring nonexistent directory "/public/home/fengcong/anaconda2/bin/../x86_64-conda_cos6-linux-gnu/sysroot/home/rdonnelly/mc/conda-bld/compilers_linux-64_1534865402226/work/gcc_built/x86_64-conda_cos6-linux-gnu/sysroot/include"
ignoring duplicate directory "/public/home/fengcong/anaconda2/bin/../lib/gcc/../../lib/gcc/x86_64-conda_cos6-linux-gnu/7.3.0/include-fixed"
ignoring duplicate directory "/public/home/fengcong/anaconda2/bin/../lib/gcc/../../lib/gcc/x86_64-conda_cos6-linux-gnu/7.3.0/../../../../x86_64-conda_cos6-linux-gnu/include"
#include "..." search starts here:
#include <...> search starts here:
 /public/home/fengcong/anaconda2/include
 /public/agis/chengshifeng_group/fengcong/WGRS/software/masurca/MaSuRCA-3.3.5/tmp/boost_1_74_0/boost
 /public/agis/chengshifeng_group/fuyuan/pip-fuyuan/app/openssl/include
 /usr/include
 /public/agis/chengshifeng_group/fuyuan/pip-fuyuan/usr/include
 .
 /public/home/fengcong/anaconda2/bin/../lib/gcc/x86_64-conda_cos6-linux-gnu/7.3.0/include
 /public/home/fengcong/anaconda2/bin/../lib/gcc/x86_64-conda_cos6-linux-gnu/7.3.0/include-fixed
 /public/home/fengcong/anaconda2/bin/../lib/gcc/x86_64-conda_cos6-linux-gnu/7.3.0/../../../../x86_64-conda_cos6-linux-gnu/include
 /public/home/fengcong/anaconda2/bin/../x86_64-conda_cos6-linux-gnu/sysroot/usr/include
End of search list.
GNU C11 (crosstool-NG 1.23.0.449-a04d0) version 7.3.0 (x86_64-conda_cos6-linux-gnu)
	compiled by GNU C version 4.4.7 20120313 (Red Hat 4.4.7-18), GMP version 6.1.2, MPFR version 4.0.1, MPC version 1.1.0, isl version isl-0.19-GMP

GGC heuristics: --param ggc-min-expand=100 --param ggc-min-heapsize=131072
Compiler executable checksum: 5f20d987048986f2a55289b7d7729157
COMPILER_PATH=/public/home/fengcong/anaconda2/bin/../libexec/gcc/x86_64-conda_cos6-linux-gnu/7.3.0/:/public/home/fengcong/anaconda2/bin/../libexec/gcc/:/public/home/fengcong/anaconda2/bin/../lib/gcc/x86_64-conda_cos6-linux-gnu/7.3.0/../../../../x86_64-conda_cos6-linux-gnu/bin/
LIBRARY_PATH=/public/home/fengcong/anaconda2/bin/../lib/gcc/x86_64-conda_cos6-linux-gnu/7.3.0/:/public/home/fengcong/anaconda2/bin/../lib/gcc/:/public/home/fengcong/anaconda2/bin/../lib/gcc/x86_64-conda_cos6-linux-gnu/7.3.0/../../../../x86_64-conda_cos6-linux-gnu/lib/../lib/:/public/home/fengcong/anaconda2/bin/../x86_64-conda_cos6-linux-gnu/sysroot/lib/../lib/:/public/home/fengcong/anaconda2/bin/../x86_64-conda_cos6-linux-gnu/sysroot/usr/lib/../lib/:/public/home/fengcong/anaconda2/bin/../lib/gcc/x86_64-conda_cos6-linux-gnu/7.3.0/../../../../x86_64-conda_cos6-linux-gnu/lib/:/public/home/fengcong/anaconda2/bin/../x86_64-conda_cos6-linux-gnu/sysroot/lib/:/public/home/fengcong/anaconda2/bin/../x86_64-conda_cos6-linux-gnu/sysroot/usr/lib/
COLLECT_GCC_OPTIONS='-march=nocona' '-mtune=haswell' '-ftree-vectorize' '-fPIC' '-fstack-protector-strong' '-fno-plt' '-O2' '-ffunction-sections' '-pipe' '-isystem' '/public/home/fengcong/anaconda2/include' '-v' '-o' 'CMakeFiles/cmTC_9cf6f.dir/CMakeCCompilerABI.c.o' '-c'
Linking C executable cmTC_9cf6f
/public/agis/chengshifeng_group/fengcong/WGRS/software/cmake/install/bin/cmake -E cmake_link_script CMakeFiles/cmTC_9cf6f.dir/link.txt --verbose=1
/public/home/fengcong/anaconda2/bin/x86_64-conda_cos6-linux-gnu-cc -march=nocona -mtune=haswell -ftree-vectorize -fPIC -fstack-protector-strong -fno-plt -O2 -ffunction-sections -pipe -isystem /public/home/fengcong/anaconda2/include  -Wl,-O2 -Wl,--sort-common -Wl,--as-needed -Wl,-z,relro -Wl,-z,now -Wl,--disable-new-dtags -Wl,--gc-sections -Wl,-rpath,/public/home/fengcong/anaconda2/lib -Wl,-rpath-link,/public/home/fengcong/anaconda2/lib -L/public/home/fengcong/anaconda2/lib -v CMakeFiles/cmTC_9cf6f.dir/CMakeCCompilerABI.c.o -o cmTC_9cf6f 
Reading specs from /public/home/fengcong/anaconda2/bin/../lib/gcc/x86_64-conda_cos6-linux-gnu/7.3.0/specs
COLLECT_GCC=/public/home/fengcong/anaconda2/bin/x86_64-conda_cos6-linux-gnu-cc
COLLECT_LTO_WRAPPER=/public/home/fengcong/anaconda2/bin/../libexec/gcc/x86_64-conda_cos6-linux-gnu/7.3.0/lto-wrapper
Target: x86_64-conda_cos6-linux-gnu
Configured with: /home/rdonnelly/mc/conda-bld/compilers_linux-64_1534865402226/work/.build/x86_64-conda_cos6-linux-gnu/src/gcc/configure --build=x86_64-build_pc-linux-gnu --host=x86_64-build_pc-linux-gnu --target=x86_64-conda_cos6-linux-gnu --prefix=/home/rdonnelly/mc/conda-bld/compilers_linux-64_1534865402226/work/gcc_built --with-sysroot=/home/rdonnelly/mc/conda-bld/compilers_linux-64_1534865402226/work/gcc_built/x86_64-conda_cos6-linux-gnu/sysroot --enable-languages=c,c++,fortran,objc,obj-c++ --with-pkgversion='crosstool-NG 1.23.0.449-a04d0' --enable-__cxa_atexit --disable-libmudflap --enable-libgomp --disable-libssp --enable-libquadmath --enable-libquadmath-support --enable-libsanitizer --enable-libmpx --with-gmp=/home/rdonnelly/mc/conda-bld/compilers_linux-64_1534865402226/work/.build/x86_64-conda_cos6-linux-gnu/buildtools --with-mpfr=/home/rdonnelly/mc/conda-bld/compilers_linux-64_1534865402226/work/.build/x86_64-conda_cos6-linux-gnu/buildtools --with-mpc=/home/rdonnelly/mc/conda-bld/compilers_linux-64_1534865402226/work/.build/x86_64-conda_cos6-linux-gnu/buildtools --with-isl=/home/rdonnelly/mc/conda-bld/compilers_linux-64_1534865402226/work/.build/x86_64-conda_cos6-linux-gnu/buildtools --enable-lto --enable-threads=posix --enable-target-optspace --enable-plugin --enable-gold --disable-nls --disable-multilib --with-local-prefix=/home/rdonnelly/mc/conda-bld/compilers_linux-64_1534865402226/work/gcc_built/x86_64-conda_cos6-linux-gnu/sysroot --enable-long-long --enable-default-pie
Thread model: posix
gcc version 7.3.0 (crosstool-NG 1.23.0.449-a04d0) 
COMPILER_PATH=/public/home/fengcong/anaconda2/bin/../libexec/gcc/x86_64-conda_cos6-linux-gnu/7.3.0/:/public/home/fengcong/anaconda2/bin/../libexec/gcc/:/public/home/fengcong/anaconda2/bin/../lib/gcc/x86_64-conda_cos6-linux-gnu/7.3.0/../../../../x86_64-conda_cos6-linux-gnu/bin/
LIBRARY_PATH=/public/home/fengcong/anaconda2/bin/../lib/gcc/x86_64-conda_cos6-linux-gnu/7.3.0/:/public/home/fengcong/anaconda2/bin/../lib/gcc/:/public/home/fengcong/anaconda2/bin/../lib/gcc/x86_64-conda_cos6-linux-gnu/7.3.0/../../../../x86_64-conda_cos6-linux-gnu/lib/../lib/:/public/home/fengcong/anaconda2/bin/../x86_64-conda_cos6-linux-gnu/sysroot/lib/../lib/:/public/home/fengcong/anaconda2/bin/../x86_64-conda_cos6-linux-gnu/sysroot/usr/lib/../lib/:/public/home/fengcong/anaconda2/bin/../lib/gcc/x86_64-conda_cos6-linux-gnu/7.3.0/../../../../x86_64-conda_cos6-linux-gnu/lib/:/public/home/fengcong/anaconda2/bin/../x86_64-conda_cos6-linux-gnu/sysroot/lib/:/public/home/fengcong/anaconda2/bin/../x86_64-conda_cos6-linux-gnu/sysroot/usr/lib/
COLLECT_GCC_OPTIONS='-march=nocona' '-mtune=haswell' '-ftree-vectorize' '-fPIC' '-fstack-protector-strong' '-fno-plt' '-O2' '-ffunction-sections' '-pipe' '-isystem' '/public/home/fengcong/anaconda2/include' '-L/public/home/fengcong/anaconda2/lib' '-v' '-o' 'cmTC_9cf6f'
 /public/home/fengcong/anaconda2/bin/../libexec/gcc/x86_64-conda_cos6-linux-gnu/7.3.0/collect2 -plugin /public/home/fengcong/anaconda2/bin/../libexec/gcc/x86_64-conda_cos6-linux-gnu/7.3.0/liblto_plugin.so -plugin-opt=/public/home/fengcong/anaconda2/bin/../libexec/gcc/x86_64-conda_cos6-linux-gnu/7.3.0/lto-wrapper -plugin-opt=-fresolution=/tmp/ccHKWLmt.res -plugin-opt=-pass-through=-lgcc -plugin-opt=-pass-through=-lgcc_s -plugin-opt=-pass-through=-lc -plugin-opt=-pass-through=-lgcc -plugin-opt=-pass-through=-lgcc_s --sysroot=/public/home/fengcong/anaconda2/bin/../x86_64-conda_cos6-linux-gnu/sysroot --eh-frame-hdr -m elf_x86_64 -dynamic-linker /lib64/ld-linux-x86-64.so.2 -pie -o cmTC_9cf6f /public/home/fengcong/anaconda2/bin/../x86_64-conda_cos6-linux-gnu/sysroot/usr/lib/../lib/Scrt1.o /public/home/fengcong/anaconda2/bin/../x86_64-conda_cos6-linux-gnu/sysroot/usr/lib/../lib/crti.o /public/home/fengcong/anaconda2/bin/../lib/gcc/x86_64-conda_cos6-linux-gnu/7.3.0/crtbeginS.o -L/public/home/fengcong/anaconda2/lib -L/public/home/fengcong/anaconda2/bin/../lib/gcc/x86_64-conda_cos6-linux-gnu/7.3.0 -L/public/home/fengcong/anaconda2/bin/../lib/gcc -L/public/home/fengcong/anaconda2/bin/../lib/gcc/x86_64-conda_cos6-linux-gnu/7.3.0/../../../../x86_64-conda_cos6-linux-gnu/lib/../lib -L/public/home/fengcong/anaconda2/bin/../x86_64-conda_cos6-linux-gnu/sysroot/lib/../lib -L/public/home/fengcong/anaconda2/bin/../x86_64-conda_cos6-linux-gnu/sysroot/usr/lib/../lib -L/public/home/fengcong/anaconda2/bin/../lib/gcc/x86_64-conda_cos6-linux-gnu/7.3.0/../../../../x86_64-conda_cos6-linux-gnu/lib -L/public/home/fengcong/anaconda2/bin/../x86_64-conda_cos6-linux-gnu/sysroot/lib -L/public/home/fengcong/anaconda2/bin/../x86_64-conda_cos6-linux-gnu/sysroot/usr/lib -rpath /public/home/fengcong/anaconda2/lib -O2 --sort-common --as-needed -z relro -z now --disable-new-dtags --gc-sections -rpath /public/home/fengcong/anaconda2/lib -rpath-link /public/home/fengcong/anaconda2/lib CMakeFiles/cmTC_9cf6f.dir/CMakeCCompilerABI.c.o -lgcc --as-needed -lgcc_s --no-as-needed -lc -lgcc --as-needed -lgcc_s --no-as-needed /public/home/fengcong/anaconda2/bin/../lib/gcc/x86_64-conda_cos6-linux-gnu/7.3.0/crtendS.o /public/home/fengcong/anaconda2/bin/../x86_64-conda_cos6-linux-gnu/sysroot/usr/lib/../lib/crtn.o
COLLECT_GCC_OPTIONS='-march=nocona' '-mtune=haswell' '-ftree-vectorize' '-fPIC' '-fstack-protector-strong' '-fno-plt' '-O2' '-ffunction-sections' '-pipe' '-isystem' '/public/home/fengcong/anaconda2/include' '-L/public/home/fengcong/anaconda2/lib' '-v' '-o' 'cmTC_9cf6f'
gmake[1]: Leaving directory `/public/agis/chengshifeng_group/fengcong/WGRS/software/Fc-code/IBScpp/build/CMakeFiles/CMakeTmp'



Parsed C implicit include dir info from above output: rv=done
  found start of include info
  found start of implicit include info
    add: [/public/home/fengcong/anaconda2/include]
    add: [/public/agis/chengshifeng_group/fengcong/WGRS/software/masurca/MaSuRCA-3.3.5/tmp/boost_1_74_0/boost]
    add: [/public/agis/chengshifeng_group/fuyuan/pip-fuyuan/app/openssl/include]
    add: [/usr/include]
    add: [/public/agis/chengshifeng_group/fuyuan/pip-fuyuan/usr/include]
    add: [.]
    add: [/public/home/fengcong/anaconda2/bin/../lib/gcc/x86_64-conda_cos6-linux-gnu/7.3.0/include]
    add: [/public/home/fengcong/anaconda2/bin/../lib/gcc/x86_64-conda_cos6-linux-gnu/7.3.0/include-fixed]
    add: [/public/home/fengcong/anaconda2/bin/../lib/gcc/x86_64-conda_cos6-linux-gnu/7.3.0/../../../../x86_64-conda_cos6-linux-gnu/include]
    add: [/public/home/fengcong/anaconda2/bin/../x86_64-conda_cos6-linux-gnu/sysroot/usr/include]
  end of search list found
  collapse include dir [/public/home/fengcong/anaconda2/include] ==> [/public/home/fengcong/anaconda2/include]
  collapse include dir [/public/agis/chengshifeng_group/fengcong/WGRS/software/masurca/MaSuRCA-3.3.5/tmp/boost_1_74_0/boost] ==> [/public/agis/chengshifeng_group/fengcong/WGRS/software/masurca/MaSuRCA-3.3.5/tmp/boost_1_74_0/boost]
  collapse include dir [/public/agis/chengshifeng_group/fuyuan/pip-fuyuan/app/openssl/include] ==> [/public/agis/chengshifeng_group/fuyuan/pip-fuyuan/app/openssl/include]
  collapse include dir [/usr/include] ==> [/usr/include]
  collapse include dir [/public/agis/chengshifeng_group/fuyuan/pip-fuyuan/usr/include] ==> [/public/agis/chengshifeng_group/fuyuan/pip-fuyuan/usr/include]
  skipping relative include dir [.]
  collapse include dir [/public/home/fengcong/anaconda2/bin/../lib/gcc/x86_64-conda_cos6-linux-gnu/7.3.0/include] ==> [/public/home/fengcong/anaconda2/lib/gcc/x86_64-conda_cos6-linux-gnu/7.3.0/include]
  collapse include dir [/public/home/fengcong/anaconda2/bin/../lib/gcc/x86_64-conda_cos6-linux-gnu/7.3.0/include-fixed] ==> [/public/home/fengcong/anaconda2/lib/gcc/x86_64-conda_cos6-linux-gnu/7.3.0/include-fixed]
  collapse include dir [/public/home/fengcong/anaconda2/bin/../lib/gcc/x86_64-conda_cos6-linux-gnu/7.3.0/../../../../x86_64-conda_cos6-linux-gnu/include] ==> [/public/home/fengcong/anaconda2/x86_64-conda_cos6-linux-gnu/include]
  collapse include dir [/public/home/fengcong/anaconda2/bin/../x86_64-conda_cos6-linux-gnu/sysroot/usr/include] ==> [/public/home/fengcong/anaconda2/x86_64-conda_cos6-linux-gnu/sysroot/usr/include]
  implicit include dirs: [/public/home/fengcong/anaconda2/include;/public/agis/chengshifeng_group/fengcong/WGRS/software/masurca/MaSuRCA-3.3.5/tmp/boost_1_74_0/boost;/public/agis/chengshifeng_group/fuyuan/pip-fuyuan/app/openssl/include;/usr/include;/public/agis/chengshifeng_group/fuyuan/pip-fuyuan/usr/include;/public/home/fengcong/anaconda2/lib/gcc/x86_64-conda_cos6-linux-gnu/7.3.0/include;/public/home/fengcong/anaconda2/lib/gcc/x86_64-conda_cos6-linux-gnu/7.3.0/include-fixed;/public/home/fengcong/anaconda2/x86_64-conda_cos6-linux-gnu/include;/public/home/fengcong/anaconda2/x86_64-conda_cos6-linux-gnu/sysroot/usr/include]


Parsed C implicit link information from above output:
  link line regex: [^( *|.*[/\])(x86_64-conda_cos6-linux-gnu-ld|CMAKE_LINK_STARTFILE-NOTFOUND|([^/\]+-)?ld|collect2)[^/\]*( |$)]
  ignore line: [Change Dir: /public/agis/chengshifeng_group/fengcong/WGRS/software/Fc-code/IBScpp/build/CMakeFiles/CMakeTmp]
  ignore line: []
  ignore line: [Run Build Command(s):/usr/bin/gmake -f Makefile cmTC_9cf6f/fast && /usr/bin/gmake  -f CMakeFiles/cmTC_9cf6f.dir/build.make CMakeFiles/cmTC_9cf6f.dir/build]
  ignore line: [gmake[1]: Entering directory `/public/agis/chengshifeng_group/fengcong/WGRS/software/Fc-code/IBScpp/build/CMakeFiles/CMakeTmp']
  ignore line: [Building C object CMakeFiles/cmTC_9cf6f.dir/CMakeCCompilerABI.c.o]
  ignore line: [/public/home/fengcong/anaconda2/bin/x86_64-conda_cos6-linux-gnu-cc   -march=nocona -mtune=haswell -ftree-vectorize -fPIC -fstack-protector-strong -fno-plt -O2 -ffunction-sections -pipe -isystem /public/home/fengcong/anaconda2/include    -v -o CMakeFiles/cmTC_9cf6f.dir/CMakeCCompilerABI.c.o -c /public/agis/chengshifeng_group/fengcong/WGRS/software/cmake/install/share/cmake-3.20/Modules/CMakeCCompilerABI.c]
  ignore line: [Reading specs from /public/home/fengcong/anaconda2/bin/../lib/gcc/x86_64-conda_cos6-linux-gnu/7.3.0/specs]
  ignore line: [COLLECT_GCC=/public/home/fengcong/anaconda2/bin/x86_64-conda_cos6-linux-gnu-cc]
  ignore line: [Target: x86_64-conda_cos6-linux-gnu]
  ignore line: [Configured with: /home/rdonnelly/mc/conda-bld/compilers_linux-64_1534865402226/work/.build/x86_64-conda_cos6-linux-gnu/src/gcc/configure --build=x86_64-build_pc-linux-gnu --host=x86_64-build_pc-linux-gnu --target=x86_64-conda_cos6-linux-gnu --prefix=/home/rdonnelly/mc/conda-bld/compilers_linux-64_1534865402226/work/gcc_built --with-sysroot=/home/rdonnelly/mc/conda-bld/compilers_linux-64_1534865402226/work/gcc_built/x86_64-conda_cos6-linux-gnu/sysroot --enable-languages=c c++ fortran objc obj-c++ --with-pkgversion='crosstool-NG 1.23.0.449-a04d0' --enable-__cxa_atexit --disable-libmudflap --enable-libgomp --disable-libssp --enable-libquadmath --enable-libquadmath-support --enable-libsanitizer --enable-libmpx --with-gmp=/home/rdonnelly/mc/conda-bld/compilers_linux-64_1534865402226/work/.build/x86_64-conda_cos6-linux-gnu/buildtools --with-mpfr=/home/rdonnelly/mc/conda-bld/compilers_linux-64_1534865402226/work/.build/x86_64-conda_cos6-linux-gnu/buildtools --with-mpc=/home/rdonnelly/mc/conda-bld/compilers_linux-64_1534865402226/work/.build/x86_64-conda_cos6-linux-gnu/buildtools --with-isl=/home/rdonnelly/mc/conda-bld/compilers_linux-64_1534865402226/work/.build/x86_64-conda_cos6-linux-gnu/buildtools --enable-lto --enable-threads=posix --enable-target-optspace --enable-plugin --enable-gold --disable-nls --disable-multilib --with-local-prefix=/home/rdonnelly/mc/conda-bld/compilers_linux-64_1534865402226/work/gcc_built/x86_64-conda_cos6-linux-gnu/sysroot --enable-long-long --enable-default-pie]
  ignore line: [Thread model: posix]
  ignore line: [gcc version 7.3.0 (crosstool-NG 1.23.0.449-a04d0) ]
  ignore line: [COLLECT_GCC_OPTIONS='-march=nocona' '-mtune=haswell' '-ftree-vectorize' '-fPIC' '-fstack-protector-strong' '-fno-plt' '-O2' '-ffunction-sections' '-pipe' '-isystem' '/public/home/fengcong/anaconda2/include' '-v' '-o' 'CMakeFiles/cmTC_9cf6f.dir/CMakeCCompilerABI.c.o' '-c']
  ignore line: [ /public/home/fengcong/anaconda2/bin/../libexec/gcc/x86_64-conda_cos6-linux-gnu/7.3.0/cc1 -quiet -v -iprefix /public/home/fengcong/anaconda2/bin/../lib/gcc/x86_64-conda_cos6-linux-gnu/7.3.0/ -isysroot /public/home/fengcong/anaconda2/bin/../x86_64-conda_cos6-linux-gnu/sysroot -isystem /public/home/fengcong/anaconda2/include /public/agis/chengshifeng_group/fengcong/WGRS/software/cmake/install/share/cmake-3.20/Modules/CMakeCCompilerABI.c -quiet -dumpbase CMakeCCompilerABI.c -march=nocona -mtune=haswell -auxbase-strip CMakeFiles/cmTC_9cf6f.dir/CMakeCCompilerABI.c.o -O2 -version -ftree-vectorize -fPIC -fstack-protector-strong -fno-plt -ffunction-sections -o - |]
  ignore line: [ /public/home/fengcong/anaconda2/bin/../lib/gcc/x86_64-conda_cos6-linux-gnu/7.3.0/../../../../x86_64-conda_cos6-linux-gnu/bin/as -v --64 -o CMakeFiles/cmTC_9cf6f.dir/CMakeCCompilerABI.c.o]
  ignore line: [GNU assembler version 2.33.1 (x86_64-conda_cos6-linux-gnu) using BFD version (GNU Binutils) 2.33.1]
  ignore line: [GNU C11 (crosstool-NG 1.23.0.449-a04d0) version 7.3.0 (x86_64-conda_cos6-linux-gnu)]
  ignore line: [	compiled by GNU C version 4.4.7 20120313 (Red Hat 4.4.7-18)  GMP version 6.1.2  MPFR version 4.0.1  MPC version 1.1.0  isl version isl-0.19-GMP]
  ignore line: []
  ignore line: [GGC heuristics: --param ggc-min-expand=100 --param ggc-min-heapsize=131072]
  ignore line: [ignoring duplicate directory "/public/home/fengcong/anaconda2/bin/../lib/gcc/../../lib/gcc/x86_64-conda_cos6-linux-gnu/7.3.0/include"]
  ignore line: [ignoring nonexistent directory "/public/home/fengcong/anaconda2/bin/../x86_64-conda_cos6-linux-gnu/sysroot/home/rdonnelly/mc/conda-bld/compilers_linux-64_1534865402226/work/gcc_built/x86_64-conda_cos6-linux-gnu/sysroot/include"]
  ignore line: [ignoring duplicate directory "/public/home/fengcong/anaconda2/bin/../lib/gcc/../../lib/gcc/x86_64-conda_cos6-linux-gnu/7.3.0/include-fixed"]
  ignore line: [ignoring duplicate directory "/public/home/fengcong/anaconda2/bin/../lib/gcc/../../lib/gcc/x86_64-conda_cos6-linux-gnu/7.3.0/../../../../x86_64-conda_cos6-linux-gnu/include"]
  ignore line: [#include "..." search starts here:]
  ignore line: [#include <...> search starts here:]
  ignore line: [ /public/home/fengcong/anaconda2/include]
  ignore line: [ /public/agis/chengshifeng_group/fengcong/WGRS/software/masurca/MaSuRCA-3.3.5/tmp/boost_1_74_0/boost]
  ignore line: [ /public/agis/chengshifeng_group/fuyuan/pip-fuyuan/app/openssl/include]
  ignore line: [ /usr/include]
  ignore line: [ /public/agis/chengshifeng_group/fuyuan/pip-fuyuan/usr/include]
  ignore line: [ .]
  ignore line: [ /public/home/fengcong/anaconda2/bin/../lib/gcc/x86_64-conda_cos6-linux-gnu/7.3.0/include]
  ignore line: [ /public/home/fengcong/anaconda2/bin/../lib/gcc/x86_64-conda_cos6-linux-gnu/7.3.0/include-fixed]
  ignore line: [ /public/home/fengcong/anaconda2/bin/../lib/gcc/x86_64-conda_cos6-linux-gnu/7.3.0/../../../../x86_64-conda_cos6-linux-gnu/include]
  ignore line: [ /public/home/fengcong/anaconda2/bin/../x86_64-conda_cos6-linux-gnu/sysroot/usr/include]
  ignore line: [End of search list.]
  ignore line: [GNU C11 (crosstool-NG 1.23.0.449-a04d0) version 7.3.0 (x86_64-conda_cos6-linux-gnu)]
  ignore line: [	compiled by GNU C version 4.4.7 20120313 (Red Hat 4.4.7-18)  GMP version 6.1.2  MPFR version 4.0.1  MPC version 1.1.0  isl version isl-0.19-GMP]
  ignore line: []
  ignore line: [GGC heuristics: --param ggc-min-expand=100 --param ggc-min-heapsize=131072]
  ignore line: [Compiler executable checksum: 5f20d987048986f2a55289b7d7729157]
  ignore line: [COMPILER_PATH=/public/home/fengcong/anaconda2/bin/../libexec/gcc/x86_64-conda_cos6-linux-gnu/7.3.0/:/public/home/fengcong/anaconda2/bin/../libexec/gcc/:/public/home/fengcong/anaconda2/bin/../lib/gcc/x86_64-conda_cos6-linux-gnu/7.3.0/../../../../x86_64-conda_cos6-linux-gnu/bin/]
  ignore line: [LIBRARY_PATH=/public/home/fengcong/anaconda2/bin/../lib/gcc/x86_64-conda_cos6-linux-gnu/7.3.0/:/public/home/fengcong/anaconda2/bin/../lib/gcc/:/public/home/fengcong/anaconda2/bin/../lib/gcc/x86_64-conda_cos6-linux-gnu/7.3.0/../../../../x86_64-conda_cos6-linux-gnu/lib/../lib/:/public/home/fengcong/anaconda2/bin/../x86_64-conda_cos6-linux-gnu/sysroot/lib/../lib/:/public/home/fengcong/anaconda2/bin/../x86_64-conda_cos6-linux-gnu/sysroot/usr/lib/../lib/:/public/home/fengcong/anaconda2/bin/../lib/gcc/x86_64-conda_cos6-linux-gnu/7.3.0/../../../../x86_64-conda_cos6-linux-gnu/lib/:/public/home/fengcong/anaconda2/bin/../x86_64-conda_cos6-linux-gnu/sysroot/lib/:/public/home/fengcong/anaconda2/bin/../x86_64-conda_cos6-linux-gnu/sysroot/usr/lib/]
  ignore line: [COLLECT_GCC_OPTIONS='-march=nocona' '-mtune=haswell' '-ftree-vectorize' '-fPIC' '-fstack-protector-strong' '-fno-plt' '-O2' '-ffunction-sections' '-pipe' '-isystem' '/public/home/fengcong/anaconda2/include' '-v' '-o' 'CMakeFiles/cmTC_9cf6f.dir/CMakeCCompilerABI.c.o' '-c']
  ignore line: [Linking C executable cmTC_9cf6f]
  ignore line: [/public/agis/chengshifeng_group/fengcong/WGRS/software/cmake/install/bin/cmake -E cmake_link_script CMakeFiles/cmTC_9cf6f.dir/link.txt --verbose=1]
  ignore line: [/public/home/fengcong/anaconda2/bin/x86_64-conda_cos6-linux-gnu-cc -march=nocona -mtune=haswell -ftree-vectorize -fPIC -fstack-protector-strong -fno-plt -O2 -ffunction-sections -pipe -isystem /public/home/fengcong/anaconda2/include  -Wl -O2 -Wl --sort-common -Wl --as-needed -Wl -z relro -Wl -z now -Wl --disable-new-dtags -Wl --gc-sections -Wl -rpath /public/home/fengcong/anaconda2/lib -Wl -rpath-link /public/home/fengcong/anaconda2/lib -L/public/home/fengcong/anaconda2/lib -v CMakeFiles/cmTC_9cf6f.dir/CMakeCCompilerABI.c.o -o cmTC_9cf6f ]
  ignore line: [Reading specs from /public/home/fengcong/anaconda2/bin/../lib/gcc/x86_64-conda_cos6-linux-gnu/7.3.0/specs]
  ignore line: [COLLECT_GCC=/public/home/fengcong/anaconda2/bin/x86_64-conda_cos6-linux-gnu-cc]
  ignore line: [COLLECT_LTO_WRAPPER=/public/home/fengcong/anaconda2/bin/../libexec/gcc/x86_64-conda_cos6-linux-gnu/7.3.0/lto-wrapper]
  ignore line: [Target: x86_64-conda_cos6-linux-gnu]
  ignore line: [Configured with: /home/rdonnelly/mc/conda-bld/compilers_linux-64_1534865402226/work/.build/x86_64-conda_cos6-linux-gnu/src/gcc/configure --build=x86_64-build_pc-linux-gnu --host=x86_64-build_pc-linux-gnu --target=x86_64-conda_cos6-linux-gnu --prefix=/home/rdonnelly/mc/conda-bld/compilers_linux-64_1534865402226/work/gcc_built --with-sysroot=/home/rdonnelly/mc/conda-bld/compilers_linux-64_1534865402226/work/gcc_built/x86_64-conda_cos6-linux-gnu/sysroot --enable-languages=c c++ fortran objc obj-c++ --with-pkgversion='crosstool-NG 1.23.0.449-a04d0' --enable-__cxa_atexit --disable-libmudflap --enable-libgomp --disable-libssp --enable-libquadmath --enable-libquadmath-support --enable-libsanitizer --enable-libmpx --with-gmp=/home/rdonnelly/mc/conda-bld/compilers_linux-64_1534865402226/work/.build/x86_64-conda_cos6-linux-gnu/buildtools --with-mpfr=/home/rdonnelly/mc/conda-bld/compilers_linux-64_1534865402226/work/.build/x86_64-conda_cos6-linux-gnu/buildtools --with-mpc=/home/rdonnelly/mc/conda-bld/compilers_linux-64_1534865402226/work/.build/x86_64-conda_cos6-linux-gnu/buildtools --with-isl=/home/rdonnelly/mc/conda-bld/compilers_linux-64_1534865402226/work/.build/x86_64-conda_cos6-linux-gnu/buildtools --enable-lto --enable-threads=posix --enable-target-optspace --enable-plugin --enable-gold --disable-nls --disable-multilib --with-local-prefix=/home/rdonnelly/mc/conda-bld/compilers_linux-64_1534865402226/work/gcc_built/x86_64-conda_cos6-linux-gnu/sysroot --enable-long-long --enable-default-pie]
  ignore line: [Thread model: posix]
  ignore line: [gcc version 7.3.0 (crosstool-NG 1.23.0.449-a04d0) ]
  ignore line: [COMPILER_PATH=/public/home/fengcong/anaconda2/bin/../libexec/gcc/x86_64-conda_cos6-linux-gnu/7.3.0/:/public/home/fengcong/anaconda2/bin/../libexec/gcc/:/public/home/fengcong/anaconda2/bin/../lib/gcc/x86_64-conda_cos6-linux-gnu/7.3.0/../../../../x86_64-conda_cos6-linux-gnu/bin/]
  ignore line: [LIBRARY_PATH=/public/home/fengcong/anaconda2/bin/../lib/gcc/x86_64-conda_cos6-linux-gnu/7.3.0/:/public/home/fengcong/anaconda2/bin/../lib/gcc/:/public/home/fengcong/anaconda2/bin/../lib/gcc/x86_64-conda_cos6-linux-gnu/7.3.0/../../../../x86_64-conda_cos6-linux-gnu/lib/../lib/:/public/home/fengcong/anaconda2/bin/../x86_64-conda_cos6-linux-gnu/sysroot/lib/../lib/:/public/home/fengcong/anaconda2/bin/../x86_64-conda_cos6-linux-gnu/sysroot/usr/lib/../lib/:/public/home/fengcong/anaconda2/bin/../lib/gcc/x86_64-conda_cos6-linux-gnu/7.3.0/../../../../x86_64-conda_cos6-linux-gnu/lib/:/public/home/fengcong/anaconda2/bin/../x86_64-conda_cos6-linux-gnu/sysroot/lib/:/public/home/fengcong/anaconda2/bin/../x86_64-conda_cos6-linux-gnu/sysroot/usr/lib/]
  ignore line: [COLLECT_GCC_OPTIONS='-march=nocona' '-mtune=haswell' '-ftree-vectorize' '-fPIC' '-fstack-protector-strong' '-fno-plt' '-O2' '-ffunction-sections' '-pipe' '-isystem' '/public/home/fengcong/anaconda2/include' '-L/public/home/fengcong/anaconda2/lib' '-v' '-o' 'cmTC_9cf6f']
  link line: [ /public/home/fengcong/anaconda2/bin/../libexec/gcc/x86_64-conda_cos6-linux-gnu/7.3.0/collect2 -plugin /public/home/fengcong/anaconda2/bin/../libexec/gcc/x86_64-conda_cos6-linux-gnu/7.3.0/liblto_plugin.so -plugin-opt=/public/home/fengcong/anaconda2/bin/../libexec/gcc/x86_64-conda_cos6-linux-gnu/7.3.0/lto-wrapper -plugin-opt=-fresolution=/tmp/ccHKWLmt.res -plugin-opt=-pass-through=-lgcc -plugin-opt=-pass-through=-lgcc_s -plugin-opt=-pass-through=-lc -plugin-opt=-pass-through=-lgcc -plugin-opt=-pass-through=-lgcc_s --sysroot=/public/home/fengcong/anaconda2/bin/../x86_64-conda_cos6-linux-gnu/sysroot --eh-frame-hdr -m elf_x86_64 -dynamic-linker /lib64/ld-linux-x86-64.so.2 -pie -o cmTC_9cf6f /public/home/fengcong/anaconda2/bin/../x86_64-conda_cos6-linux-gnu/sysroot/usr/lib/../lib/Scrt1.o /public/home/fengcong/anaconda2/bin/../x86_64-conda_cos6-linux-gnu/sysroot/usr/lib/../lib/crti.o /public/home/fengcong/anaconda2/bin/../lib/gcc/x86_64-conda_cos6-linux-gnu/7.3.0/crtbeginS.o -L/public/home/fengcong/anaconda2/lib -L/public/home/fengcong/anaconda2/bin/../lib/gcc/x86_64-conda_cos6-linux-gnu/7.3.0 -L/public/home/fengcong/anaconda2/bin/../lib/gcc -L/public/home/fengcong/anaconda2/bin/../lib/gcc/x86_64-conda_cos6-linux-gnu/7.3.0/../../../../x86_64-conda_cos6-linux-gnu/lib/../lib -L/public/home/fengcong/anaconda2/bin/../x86_64-conda_cos6-linux-gnu/sysroot/lib/../lib -L/public/home/fengcong/anaconda2/bin/../x86_64-conda_cos6-linux-gnu/sysroot/usr/lib/../lib -L/public/home/fengcong/anaconda2/bin/../lib/gcc/x86_64-conda_cos6-linux-gnu/7.3.0/../../../../x86_64-conda_cos6-linux-gnu/lib -L/public/home/fengcong/anaconda2/bin/../x86_64-conda_cos6-linux-gnu/sysroot/lib -L/public/home/fengcong/anaconda2/bin/../x86_64-conda_cos6-linux-gnu/sysroot/usr/lib -rpath /public/home/fengcong/anaconda2/lib -O2 --sort-common --as-needed -z relro -z now --disable-new-dtags --gc-sections -rpath /public/home/fengcong/anaconda2/lib -rpath-link /public/home/fengcong/anaconda2/lib CMakeFiles/cmTC_9cf6f.dir/CMakeCCompilerABI.c.o -lgcc --as-needed -lgcc_s --no-as-needed -lc -lgcc --as-needed -lgcc_s --no-as-needed /public/home/fengcong/anaconda2/bin/../lib/gcc/x86_64-conda_cos6-linux-gnu/7.3.0/crtendS.o /public/home/fengcong/anaconda2/bin/../x86_64-conda_cos6-linux-gnu/sysroot/usr/lib/../lib/crtn.o]
    arg [/public/home/fengcong/anaconda2/bin/../libexec/gcc/x86_64-conda_cos6-linux-gnu/7.3.0/collect2] ==> ignore
    arg [-plugin] ==> ignore
    arg [/public/home/fengcong/anaconda2/bin/../libexec/gcc/x86_64-conda_cos6-linux-gnu/7.3.0/liblto_plugin.so] ==> ignore
    arg [-plugin-opt=/public/home/fengcong/anaconda2/bin/../libexec/gcc/x86_64-conda_cos6-linux-gnu/7.3.0/lto-wrapper] ==> ignore
    arg [-plugin-opt=-fresolution=/tmp/ccHKWLmt.res] ==> ignore
    arg [-plugin-opt=-pass-through=-lgcc] ==> ignore
    arg [-plugin-opt=-pass-through=-lgcc_s] ==> ignore
    arg [-plugin-opt=-pass-through=-lc] ==> ignore
    arg [-plugin-opt=-pass-through=-lgcc] ==> ignore
    arg [-plugin-opt=-pass-through=-lgcc_s] ==> ignore
    arg [--sysroot=/public/home/fengcong/anaconda2/bin/../x86_64-conda_cos6-linux-gnu/sysroot] ==> ignore
    arg [--eh-frame-hdr] ==> ignore
    arg [-m] ==> ignore
    arg [elf_x86_64] ==> ignore
    arg [-dynamic-linker] ==> ignore
    arg [/lib64/ld-linux-x86-64.so.2] ==> ignore
    arg [-pie] ==> ignore
    arg [-o] ==> ignore
    arg [cmTC_9cf6f] ==> ignore
    arg [/public/home/fengcong/anaconda2/bin/../x86_64-conda_cos6-linux-gnu/sysroot/usr/lib/../lib/Scrt1.o] ==> obj [/public/home/fengcong/anaconda2/bin/../x86_64-conda_cos6-linux-gnu/sysroot/usr/lib/../lib/Scrt1.o]
    arg [/public/home/fengcong/anaconda2/bin/../x86_64-conda_cos6-linux-gnu/sysroot/usr/lib/../lib/crti.o] ==> obj [/public/home/fengcong/anaconda2/bin/../x86_64-conda_cos6-linux-gnu/sysroot/usr/lib/../lib/crti.o]
    arg [/public/home/fengcong/anaconda2/bin/../lib/gcc/x86_64-conda_cos6-linux-gnu/7.3.0/crtbeginS.o] ==> obj [/public/home/fengcong/anaconda2/bin/../lib/gcc/x86_64-conda_cos6-linux-gnu/7.3.0/crtbeginS.o]
    arg [-L/public/home/fengcong/anaconda2/lib] ==> dir [/public/home/fengcong/anaconda2/lib]
    arg [-L/public/home/fengcong/anaconda2/bin/../lib/gcc/x86_64-conda_cos6-linux-gnu/7.3.0] ==> dir [/public/home/fengcong/anaconda2/bin/../lib/gcc/x86_64-conda_cos6-linux-gnu/7.3.0]
    arg [-L/public/home/fengcong/anaconda2/bin/../lib/gcc] ==> dir [/public/home/fengcong/anaconda2/bin/../lib/gcc]
    arg [-L/public/home/fengcong/anaconda2/bin/../lib/gcc/x86_64-conda_cos6-linux-gnu/7.3.0/../../../../x86_64-conda_cos6-linux-gnu/lib/../lib] ==> dir [/public/home/fengcong/anaconda2/bin/../lib/gcc/x86_64-conda_cos6-linux-gnu/7.3.0/../../../../x86_64-conda_cos6-linux-gnu/lib/../lib]
    arg [-L/public/home/fengcong/anaconda2/bin/../x86_64-conda_cos6-linux-gnu/sysroot/lib/../lib] ==> dir [/public/home/fengcong/anaconda2/bin/../x86_64-conda_cos6-linux-gnu/sysroot/lib/../lib]
    arg [-L/public/home/fengcong/anaconda2/bin/../x86_64-conda_cos6-linux-gnu/sysroot/usr/lib/../lib] ==> dir [/public/home/fengcong/anaconda2/bin/../x86_64-conda_cos6-linux-gnu/sysroot/usr/lib/../lib]
    arg [-L/public/home/fengcong/anaconda2/bin/../lib/gcc/x86_64-conda_cos6-linux-gnu/7.3.0/../../../../x86_64-conda_cos6-linux-gnu/lib] ==> dir [/public/home/fengcong/anaconda2/bin/../lib/gcc/x86_64-conda_cos6-linux-gnu/7.3.0/../../../../x86_64-conda_cos6-linux-gnu/lib]
    arg [-L/public/home/fengcong/anaconda2/bin/../x86_64-conda_cos6-linux-gnu/sysroot/lib] ==> dir [/public/home/fengcong/anaconda2/bin/../x86_64-conda_cos6-linux-gnu/sysroot/lib]
    arg [-L/public/home/fengcong/anaconda2/bin/../x86_64-conda_cos6-linux-gnu/sysroot/usr/lib] ==> dir [/public/home/fengcong/anaconda2/bin/../x86_64-conda_cos6-linux-gnu/sysroot/usr/lib]
    arg [-rpath] ==> ignore
    arg [/public/home/fengcong/anaconda2/lib] ==> ignore
    arg [-O2] ==> ignore
    arg [--sort-common] ==> ignore
    arg [--as-needed] ==> ignore
    arg [-zrelro] ==> ignore
    arg [-znow] ==> ignore
    arg [--disable-new-dtags] ==> ignore
    arg [--gc-sections] ==> ignore
    arg [-rpath] ==> ignore
    arg [/public/home/fengcong/anaconda2/lib] ==> ignore
    arg [-rpath-link] ==> ignore
    arg [/public/home/fengcong/anaconda2/lib] ==> ignore
    arg [CMakeFiles/cmTC_9cf6f.dir/CMakeCCompilerABI.c.o] ==> ignore
    arg [-lgcc] ==> lib [gcc]
    arg [--as-needed] ==> ignore
    arg [-lgcc_s] ==> lib [gcc_s]
    arg [--no-as-needed] ==> ignore
    arg [-lc] ==> lib [c]
    arg [-lgcc] ==> lib [gcc]
    arg [--as-needed] ==> ignore
    arg [-lgcc_s] ==> lib [gcc_s]
    arg [--no-as-needed] ==> ignore
    arg [/public/home/fengcong/anaconda2/bin/../lib/gcc/x86_64-conda_cos6-linux-gnu/7.3.0/crtendS.o] ==> obj [/public/home/fengcong/anaconda2/bin/../lib/gcc/x86_64-conda_cos6-linux-gnu/7.3.0/crtendS.o]
    arg [/public/home/fengcong/anaconda2/bin/../x86_64-conda_cos6-linux-gnu/sysroot/usr/lib/../lib/crtn.o] ==> obj [/public/home/fengcong/anaconda2/bin/../x86_64-conda_cos6-linux-gnu/sysroot/usr/lib/../lib/crtn.o]
  collapse obj [/public/home/fengcong/anaconda2/bin/../x86_64-conda_cos6-linux-gnu/sysroot/usr/lib/../lib/Scrt1.o] ==> [/public/home/fengcong/anaconda2/x86_64-conda_cos6-linux-gnu/sysroot/usr/lib/Scrt1.o]
  collapse obj [/public/home/fengcong/anaconda2/bin/../x86_64-conda_cos6-linux-gnu/sysroot/usr/lib/../lib/crti.o] ==> [/public/home/fengcong/anaconda2/x86_64-conda_cos6-linux-gnu/sysroot/usr/lib/crti.o]
  collapse obj [/public/home/fengcong/anaconda2/bin/../lib/gcc/x86_64-conda_cos6-linux-gnu/7.3.0/crtbeginS.o] ==> [/public/home/fengcong/anaconda2/lib/gcc/x86_64-conda_cos6-linux-gnu/7.3.0/crtbeginS.o]
  collapse obj [/public/home/fengcong/anaconda2/bin/../lib/gcc/x86_64-conda_cos6-linux-gnu/7.3.0/crtendS.o] ==> [/public/home/fengcong/anaconda2/lib/gcc/x86_64-conda_cos6-linux-gnu/7.3.0/crtendS.o]
  collapse obj [/public/home/fengcong/anaconda2/bin/../x86_64-conda_cos6-linux-gnu/sysroot/usr/lib/../lib/crtn.o] ==> [/public/home/fengcong/anaconda2/x86_64-conda_cos6-linux-gnu/sysroot/usr/lib/crtn.o]
  collapse library dir [/public/home/fengcong/anaconda2/lib] ==> [/public/home/fengcong/anaconda2/lib]
  collapse library dir [/public/home/fengcong/anaconda2/bin/../lib/gcc/x86_64-conda_cos6-linux-gnu/7.3.0] ==> [/public/home/fengcong/anaconda2/lib/gcc/x86_64-conda_cos6-linux-gnu/7.3.0]
  collapse library dir [/public/home/fengcong/anaconda2/bin/../lib/gcc] ==> [/public/home/fengcong/anaconda2/lib/gcc]
  collapse library dir [/public/home/fengcong/anaconda2/bin/../lib/gcc/x86_64-conda_cos6-linux-gnu/7.3.0/../../../../x86_64-conda_cos6-linux-gnu/lib/../lib] ==> [/public/home/fengcong/anaconda2/x86_64-conda_cos6-linux-gnu/lib]
  collapse library dir [/public/home/fengcong/anaconda2/bin/../x86_64-conda_cos6-linux-gnu/sysroot/lib/../lib] ==> [/public/home/fengcong/anaconda2/x86_64-conda_cos6-linux-gnu/sysroot/lib]
  collapse library dir [/public/home/fengcong/anaconda2/bin/../x86_64-conda_cos6-linux-gnu/sysroot/usr/lib/../lib] ==> [/public/home/fengcong/anaconda2/x86_64-conda_cos6-linux-gnu/sysroot/usr/lib]
  collapse library dir [/public/home/fengcong/anaconda2/bin/../lib/gcc/x86_64-conda_cos6-linux-gnu/7.3.0/../../../../x86_64-conda_cos6-linux-gnu/lib] ==> [/public/home/fengcong/anaconda2/x86_64-conda_cos6-linux-gnu/lib]
  collapse library dir [/public/home/fengcong/anaconda2/bin/../x86_64-conda_cos6-linux-gnu/sysroot/lib] ==> [/public/home/fengcong/anaconda2/x86_64-conda_cos6-linux-gnu/sysroot/lib]
  collapse library dir [/public/home/fengcong/anaconda2/bin/../x86_64-conda_cos6-linux-gnu/sysroot/usr/lib] ==> [/public/home/fengcong/anaconda2/x86_64-conda_cos6-linux-gnu/sysroot/usr/lib]
  implicit libs: [gcc;gcc_s;c;gcc;gcc_s]
  implicit objs: [/public/home/fengcong/anaconda2/x86_64-conda_cos6-linux-gnu/sysroot/usr/lib/Scrt1.o;/public/home/fengcong/anaconda2/x86_64-conda_cos6-linux-gnu/sysroot/usr/lib/crti.o;/public/home/fengcong/anaconda2/lib/gcc/x86_64-conda_cos6-linux-gnu/7.3.0/crtbeginS.o;/public/home/fengcong/anaconda2/lib/gcc/x86_64-conda_cos6-linux-gnu/7.3.0/crtendS.o;/public/home/fengcong/anaconda2/x86_64-conda_cos6-linux-gnu/sysroot/usr/lib/crtn.o]
  implicit dirs: [/public/home/fengcong/anaconda2/lib;/public/home/fengcong/anaconda2/lib/gcc/x86_64-conda_cos6-linux-gnu/7.3.0;/public/home/fengcong/anaconda2/lib/gcc;/public/home/fengcong/anaconda2/x86_64-conda_cos6-linux-gnu/lib;/public/home/fengcong/anaconda2/x86_64-conda_cos6-linux-gnu/sysroot/lib;/public/home/fengcong/anaconda2/x86_64-conda_cos6-linux-gnu/sysroot/usr/lib]
  implicit fwks: []


Detecting CXX compiler ABI info compiled with the following output:
Change Dir: /public/agis/chengshifeng_group/fengcong/WGRS/software/Fc-code/IBScpp/build/CMakeFiles/CMakeTmp

Run Build Command(s):/usr/bin/gmake -f Makefile cmTC_e9af8/fast && /usr/bin/gmake  -f CMakeFiles/cmTC_e9af8.dir/build.make CMakeFiles/cmTC_e9af8.dir/build
gmake[1]: Entering directory `/public/agis/chengshifeng_group/fengcong/WGRS/software/Fc-code/IBScpp/build/CMakeFiles/CMakeTmp'
Building CXX object CMakeFiles/cmTC_e9af8.dir/CMakeCXXCompilerABI.cpp.o
/public/home/fengcong/anaconda2/bin/x86_64-conda_cos6-linux-gnu-c++   -fvisibility-inlines-hidden -std=c++17 -fmessage-length=0 -march=nocona -mtune=haswell -ftree-vectorize -fPIC -fstack-protector-strong -fno-plt -O2 -ffunction-sections -pipe -isystem /public/home/fengcong/anaconda2/include    -v -o CMakeFiles/cmTC_e9af8.dir/CMakeCXXCompilerABI.cpp.o -c /public/agis/chengshifeng_group/fengcong/WGRS/software/cmake/install/share/cmake-3.20/Modules/CMakeCXXCompilerABI.cpp
Reading specs from /public/home/fengcong/anaconda2/bin/../lib/gcc/x86_64-conda_cos6-linux-gnu/7.3.0/specs
COLLECT_GCC=/public/home/fengcong/anaconda2/bin/x86_64-conda_cos6-linux-gnu-c++
Target: x86_64-conda_cos6-linux-gnu
Configured with: /home/rdonnelly/mc/conda-bld/compilers_linux-64_1534865402226/work/.build/x86_64-conda_cos6-linux-gnu/src/gcc/configure --build=x86_64-build_pc-linux-gnu --host=x86_64-build_pc-linux-gnu --target=x86_64-conda_cos6-linux-gnu --prefix=/home/rdonnelly/mc/conda-bld/compilers_linux-64_1534865402226/work/gcc_built --with-sysroot=/home/rdonnelly/mc/conda-bld/compilers_linux-64_1534865402226/work/gcc_built/x86_64-conda_cos6-linux-gnu/sysroot --enable-languages=c,c++,fortran,objc,obj-c++ --with-pkgversion='crosstool-NG 1.23.0.449-a04d0' --enable-__cxa_atexit --disable-libmudflap --enable-libgomp --disable-libssp --enable-libquadmath --enable-libquadmath-support --enable-libsanitizer --enable-libmpx --with-gmp=/home/rdonnelly/mc/conda-bld/compilers_linux-64_1534865402226/work/.build/x86_64-conda_cos6-linux-gnu/buildtools --with-mpfr=/home/rdonnelly/mc/conda-bld/compilers_linux-64_1534865402226/work/.build/x86_64-conda_cos6-linux-gnu/buildtools --with-mpc=/home/rdonnelly/mc/conda-bld/compilers_linux-64_1534865402226/work/.build/x86_64-conda_cos6-linux-gnu/buildtools --with-isl=/home/rdonnelly/mc/conda-bld/compilers_linux-64_1534865402226/work/.build/x86_64-conda_cos6-linux-gnu/buildtools --enable-lto --enable-threads=posix --enable-target-optspace --enable-plugin --enable-gold --disable-nls --disable-multilib --with-local-prefix=/home/rdonnelly/mc/conda-bld/compilers_linux-64_1534865402226/work/gcc_built/x86_64-conda_cos6-linux-gnu/sysroot --enable-long-long --enable-default-pie
Thread model: posix
gcc version 7.3.0 (crosstool-NG 1.23.0.449-a04d0) 
COLLECT_GCC_OPTIONS='-fvisibility-inlines-hidden' '-std=c++1z' '-fmessage-length=0' '-march=nocona' '-mtune=haswell' '-ftree-vectorize' '-fPIC' '-fstack-protector-strong' '-fno-plt' '-O2' '-ffunction-sections' '-pipe' '-isystem' '/public/home/fengcong/anaconda2/include' '-v' '-o' 'CMakeFiles/cmTC_e9af8.dir/CMakeCXXCompilerABI.cpp.o' '-c' '-shared-libgcc'
 /public/home/fengcong/anaconda2/bin/../libexec/gcc/x86_64-conda_cos6-linux-gnu/7.3.0/cc1plus -quiet -v -iprefix /public/home/fengcong/anaconda2/bin/../lib/gcc/x86_64-conda_cos6-linux-gnu/7.3.0/ -isysroot /public/home/fengcong/anaconda2/bin/../x86_64-conda_cos6-linux-gnu/sysroot -D_GNU_SOURCE -isystem /public/home/fengcong/anaconda2/include /public/agis/chengshifeng_group/fengcong/WGRS/software/cmake/install/share/cmake-3.20/Modules/CMakeCXXCompilerABI.cpp -quiet -dumpbase CMakeCXXCompilerABI.cpp -march=nocona -mtune=haswell -auxbase-strip CMakeFiles/cmTC_e9af8.dir/CMakeCXXCompilerABI.cpp.o -O2 -std=c++1z -version -fvisibility-inlines-hidden -fmessage-length=0 -ftree-vectorize -fPIC -fstack-protector-strong -fno-plt -ffunction-sections -o - |
 /public/home/fengcong/anaconda2/bin/../lib/gcc/x86_64-conda_cos6-linux-gnu/7.3.0/../../../../x86_64-conda_cos6-linux-gnu/bin/as -v --64 -o CMakeFiles/cmTC_e9af8.dir/CMakeCXXCompilerABI.cpp.o
GNU assembler version 2.33.1 (x86_64-conda_cos6-linux-gnu) using BFD version (GNU Binutils) 2.33.1
GNU C++14 (crosstool-NG 1.23.0.449-a04d0) version 7.3.0 (x86_64-conda_cos6-linux-gnu)
	compiled by GNU C version 4.4.7 20120313 (Red Hat 4.4.7-18), GMP version 6.1.2, MPFR version 4.0.1, MPC version 1.1.0, isl version isl-0.19-GMP

GGC heuristics: --param ggc-min-expand=100 --param ggc-min-heapsize=131072
ignoring duplicate directory "/public/home/fengcong/anaconda2/bin/../lib/gcc/../../lib/gcc/x86_64-conda_cos6-linux-gnu/7.3.0/../../../../x86_64-conda_cos6-linux-gnu/include/c++/7.3.0"
ignoring duplicate directory "/public/home/fengcong/anaconda2/bin/../lib/gcc/../../lib/gcc/x86_64-conda_cos6-linux-gnu/7.3.0/../../../../x86_64-conda_cos6-linux-gnu/include/c++/7.3.0/x86_64-conda_cos6-linux-gnu"
ignoring duplicate directory "/public/home/fengcong/anaconda2/bin/../lib/gcc/../../lib/gcc/x86_64-conda_cos6-linux-gnu/7.3.0/../../../../x86_64-conda_cos6-linux-gnu/include/c++/7.3.0/backward"
ignoring duplicate directory "/public/home/fengcong/anaconda2/bin/../lib/gcc/../../lib/gcc/x86_64-conda_cos6-linux-gnu/7.3.0/include"
ignoring nonexistent directory "/public/home/fengcong/anaconda2/bin/../x86_64-conda_cos6-linux-gnu/sysroot/home/rdonnelly/mc/conda-bld/compilers_linux-64_1534865402226/work/gcc_built/x86_64-conda_cos6-linux-gnu/sysroot/include"
ignoring duplicate directory "/public/home/fengcong/anaconda2/bin/../lib/gcc/../../lib/gcc/x86_64-conda_cos6-linux-gnu/7.3.0/include-fixed"
ignoring duplicate directory "/public/home/fengcong/anaconda2/bin/../lib/gcc/../../lib/gcc/x86_64-conda_cos6-linux-gnu/7.3.0/../../../../x86_64-conda_cos6-linux-gnu/include"
#include "..." search starts here:
#include <...> search starts here:
 /public/home/fengcong/anaconda2/include
 /public/agis/chengshifeng_group/fengcong/WGRS/software/masurca/MaSuRCA-3.3.5/tmp/boost_1_74_0/boost
 .
 /public/home/fengcong/anaconda2/bin/../lib/gcc/x86_64-conda_cos6-linux-gnu/7.3.0/../../../../x86_64-conda_cos6-linux-gnu/include/c++/7.3.0
 /public/home/fengcong/anaconda2/bin/../lib/gcc/x86_64-conda_cos6-linux-gnu/7.3.0/../../../../x86_64-conda_cos6-linux-gnu/include/c++/7.3.0/x86_64-conda_cos6-linux-gnu
 /public/home/fengcong/anaconda2/bin/../lib/gcc/x86_64-conda_cos6-linux-gnu/7.3.0/../../../../x86_64-conda_cos6-linux-gnu/include/c++/7.3.0/backward
 /public/home/fengcong/anaconda2/bin/../lib/gcc/x86_64-conda_cos6-linux-gnu/7.3.0/include
 /public/home/fengcong/anaconda2/bin/../lib/gcc/x86_64-conda_cos6-linux-gnu/7.3.0/include-fixed
 /public/home/fengcong/anaconda2/bin/../lib/gcc/x86_64-conda_cos6-linux-gnu/7.3.0/../../../../x86_64-conda_cos6-linux-gnu/include
 /public/home/fengcong/anaconda2/bin/../x86_64-conda_cos6-linux-gnu/sysroot/usr/include
End of search list.
GNU C++14 (crosstool-NG 1.23.0.449-a04d0) version 7.3.0 (x86_64-conda_cos6-linux-gnu)
	compiled by GNU C version 4.4.7 20120313 (Red Hat 4.4.7-18), GMP version 6.1.2, MPFR version 4.0.1, MPC version 1.1.0, isl version isl-0.19-GMP

GGC heuristics: --param ggc-min-expand=100 --param ggc-min-heapsize=131072
Compiler executable checksum: 2f61739646e29ad60d2358d78f3bd7b4
COMPILER_PATH=/public/home/fengcong/anaconda2/bin/../libexec/gcc/x86_64-conda_cos6-linux-gnu/7.3.0/:/public/home/fengcong/anaconda2/bin/../libexec/gcc/:/public/home/fengcong/anaconda2/bin/../lib/gcc/x86_64-conda_cos6-linux-gnu/7.3.0/../../../../x86_64-conda_cos6-linux-gnu/bin/
LIBRARY_PATH=/public/home/fengcong/anaconda2/bin/../lib/gcc/x86_64-conda_cos6-linux-gnu/7.3.0/:/public/home/fengcong/anaconda2/bin/../lib/gcc/:/public/home/fengcong/anaconda2/bin/../lib/gcc/x86_64-conda_cos6-linux-gnu/7.3.0/../../../../x86_64-conda_cos6-linux-gnu/lib/../lib/:/public/home/fengcong/anaconda2/bin/../x86_64-conda_cos6-linux-gnu/sysroot/lib/../lib/:/public/home/fengcong/anaconda2/bin/../x86_64-conda_cos6-linux-gnu/sysroot/usr/lib/../lib/:/public/home/fengcong/anaconda2/bin/../lib/gcc/x86_64-conda_cos6-linux-gnu/7.3.0/../../../../x86_64-conda_cos6-linux-gnu/lib/:/public/home/fengcong/anaconda2/bin/../x86_64-conda_cos6-linux-gnu/sysroot/lib/:/public/home/fengcong/anaconda2/bin/../x86_64-conda_cos6-linux-gnu/sysroot/usr/lib/
COLLECT_GCC_OPTIONS='-fvisibility-inlines-hidden' '-std=c++1z' '-fmessage-length=0' '-march=nocona' '-mtune=haswell' '-ftree-vectorize' '-fPIC' '-fstack-protector-strong' '-fno-plt' '-O2' '-ffunction-sections' '-pipe' '-isystem' '/public/home/fengcong/anaconda2/include' '-v' '-o' 'CMakeFiles/cmTC_e9af8.dir/CMakeCXXCompilerABI.cpp.o' '-c' '-shared-libgcc'
Linking CXX executable cmTC_e9af8
/public/agis/chengshifeng_group/fengcong/WGRS/software/cmake/install/bin/cmake -E cmake_link_script CMakeFiles/cmTC_e9af8.dir/link.txt --verbose=1
/public/home/fengcong/anaconda2/bin/x86_64-conda_cos6-linux-gnu-c++ -fvisibility-inlines-hidden -std=c++17 -fmessage-length=0 -march=nocona -mtune=haswell -ftree-vectorize -fPIC -fstack-protector-strong -fno-plt -O2 -ffunction-sections -pipe -isystem /public/home/fengcong/anaconda2/include  -Wl,-O2 -Wl,--sort-common -Wl,--as-needed -Wl,-z,relro -Wl,-z,now -Wl,--disable-new-dtags -Wl,--gc-sections -Wl,-rpath,/public/home/fengcong/anaconda2/lib -Wl,-rpath-link,/public/home/fengcong/anaconda2/lib -L/public/home/fengcong/anaconda2/lib -v CMakeFiles/cmTC_e9af8.dir/CMakeCXXCompilerABI.cpp.o -o cmTC_e9af8 
Reading specs from /public/home/fengcong/anaconda2/bin/../lib/gcc/x86_64-conda_cos6-linux-gnu/7.3.0/specs
COLLECT_GCC=/public/home/fengcong/anaconda2/bin/x86_64-conda_cos6-linux-gnu-c++
COLLECT_LTO_WRAPPER=/public/home/fengcong/anaconda2/bin/../libexec/gcc/x86_64-conda_cos6-linux-gnu/7.3.0/lto-wrapper
Target: x86_64-conda_cos6-linux-gnu
Configured with: /home/rdonnelly/mc/conda-bld/compilers_linux-64_1534865402226/work/.build/x86_64-conda_cos6-linux-gnu/src/gcc/configure --build=x86_64-build_pc-linux-gnu --host=x86_64-build_pc-linux-gnu --target=x86_64-conda_cos6-linux-gnu --prefix=/home/rdonnelly/mc/conda-bld/compilers_linux-64_1534865402226/work/gcc_built --with-sysroot=/home/rdonnelly/mc/conda-bld/compilers_linux-64_1534865402226/work/gcc_built/x86_64-conda_cos6-linux-gnu/sysroot --enable-languages=c,c++,fortran,objc,obj-c++ --with-pkgversion='crosstool-NG 1.23.0.449-a04d0' --enable-__cxa_atexit --disable-libmudflap --enable-libgomp --disable-libssp --enable-libquadmath --enable-libquadmath-support --enable-libsanitizer --enable-libmpx --with-gmp=/home/rdonnelly/mc/conda-bld/compilers_linux-64_1534865402226/work/.build/x86_64-conda_cos6-linux-gnu/buildtools --with-mpfr=/home/rdonnelly/mc/conda-bld/compilers_linux-64_1534865402226/work/.build/x86_64-conda_cos6-linux-gnu/buildtools --with-mpc=/home/rdonnelly/mc/conda-bld/compilers_linux-64_1534865402226/work/.build/x86_64-conda_cos6-linux-gnu/buildtools --with-isl=/home/rdonnelly/mc/conda-bld/compilers_linux-64_1534865402226/work/.build/x86_64-conda_cos6-linux-gnu/buildtools --enable-lto --enable-threads=posix --enable-target-optspace --enable-plugin --enable-gold --disable-nls --disable-multilib --with-local-prefix=/home/rdonnelly/mc/conda-bld/compilers_linux-64_1534865402226/work/gcc_built/x86_64-conda_cos6-linux-gnu/sysroot --enable-long-long --enable-default-pie
Thread model: posix
gcc version 7.3.0 (crosstool-NG 1.23.0.449-a04d0) 
COMPILER_PATH=/public/home/fengcong/anaconda2/bin/../libexec/gcc/x86_64-conda_cos6-linux-gnu/7.3.0/:/public/home/fengcong/anaconda2/bin/../libexec/gcc/:/public/home/fengcong/anaconda2/bin/../lib/gcc/x86_64-conda_cos6-linux-gnu/7.3.0/../../../../x86_64-conda_cos6-linux-gnu/bin/
LIBRARY_PATH=/public/home/fengcong/anaconda2/bin/../lib/gcc/x86_64-conda_cos6-linux-gnu/7.3.0/:/public/home/fengcong/anaconda2/bin/../lib/gcc/:/public/home/fengcong/anaconda2/bin/../lib/gcc/x86_64-conda_cos6-linux-gnu/7.3.0/../../../../x86_64-conda_cos6-linux-gnu/lib/../lib/:/public/home/fengcong/anaconda2/bin/../x86_64-conda_cos6-linux-gnu/sysroot/lib/../lib/:/public/home/fengcong/anaconda2/bin/../x86_64-conda_cos6-linux-gnu/sysroot/usr/lib/../lib/:/public/home/fengcong/anaconda2/bin/../lib/gcc/x86_64-conda_cos6-linux-gnu/7.3.0/../../../../x86_64-conda_cos6-linux-gnu/lib/:/public/home/fengcong/anaconda2/bin/../x86_64-conda_cos6-linux-gnu/sysroot/lib/:/public/home/fengcong/anaconda2/bin/../x86_64-conda_cos6-linux-gnu/sysroot/usr/lib/
COLLECT_GCC_OPTIONS='-fvisibility-inlines-hidden' '-std=c++1z' '-fmessage-length=0' '-march=nocona' '-mtune=haswell' '-ftree-vectorize' '-fPIC' '-fstack-protector-strong' '-fno-plt' '-O2' '-ffunction-sections' '-pipe' '-isystem' '/public/home/fengcong/anaconda2/include' '-L/public/home/fengcong/anaconda2/lib' '-v' '-o' 'cmTC_e9af8' '-shared-libgcc'
 /public/home/fengcong/anaconda2/bin/../libexec/gcc/x86_64-conda_cos6-linux-gnu/7.3.0/collect2 -plugin /public/home/fengcong/anaconda2/bin/../libexec/gcc/x86_64-conda_cos6-linux-gnu/7.3.0/liblto_plugin.so -plugin-opt=/public/home/fengcong/anaconda2/bin/../libexec/gcc/x86_64-conda_cos6-linux-gnu/7.3.0/lto-wrapper -plugin-opt=-fresolution=/tmp/cckgHQd7.res -plugin-opt=-pass-through=-lgcc_s -plugin-opt=-pass-through=-lgcc -plugin-opt=-pass-through=-lc -plugin-opt=-pass-through=-lgcc_s -plugin-opt=-pass-through=-lgcc --sysroot=/public/home/fengcong/anaconda2/bin/../x86_64-conda_cos6-linux-gnu/sysroot --eh-frame-hdr -m elf_x86_64 -dynamic-linker /lib64/ld-linux-x86-64.so.2 -pie -o cmTC_e9af8 /public/home/fengcong/anaconda2/bin/../x86_64-conda_cos6-linux-gnu/sysroot/usr/lib/../lib/Scrt1.o /public/home/fengcong/anaconda2/bin/../x86_64-conda_cos6-linux-gnu/sysroot/usr/lib/../lib/crti.o /public/home/fengcong/anaconda2/bin/../lib/gcc/x86_64-conda_cos6-linux-gnu/7.3.0/crtbeginS.o -L/public/home/fengcong/anaconda2/lib -L/public/home/fengcong/anaconda2/bin/../lib/gcc/x86_64-conda_cos6-linux-gnu/7.3.0 -L/public/home/fengcong/anaconda2/bin/../lib/gcc -L/public/home/fengcong/anaconda2/bin/../lib/gcc/x86_64-conda_cos6-linux-gnu/7.3.0/../../../../x86_64-conda_cos6-linux-gnu/lib/../lib -L/public/home/fengcong/anaconda2/bin/../x86_64-conda_cos6-linux-gnu/sysroot/lib/../lib -L/public/home/fengcong/anaconda2/bin/../x86_64-conda_cos6-linux-gnu/sysroot/usr/lib/../lib -L/public/home/fengcong/anaconda2/bin/../lib/gcc/x86_64-conda_cos6-linux-gnu/7.3.0/../../../../x86_64-conda_cos6-linux-gnu/lib -L/public/home/fengcong/anaconda2/bin/../x86_64-conda_cos6-linux-gnu/sysroot/lib -L/public/home/fengcong/anaconda2/bin/../x86_64-conda_cos6-linux-gnu/sysroot/usr/lib -rpath /public/home/fengcong/anaconda2/lib -O2 --sort-common --as-needed -z relro -z now --disable-new-dtags --gc-sections -rpath /public/home/fengcong/anaconda2/lib -rpath-link /public/home/fengcong/anaconda2/lib CMakeFiles/cmTC_e9af8.dir/CMakeCXXCompilerABI.cpp.o -lstdc++ -lm -lgcc_s -lgcc -lc -lgcc_s -lgcc /public/home/fengcong/anaconda2/bin/../lib/gcc/x86_64-conda_cos6-linux-gnu/7.3.0/crtendS.o /public/home/fengcong/anaconda2/bin/../x86_64-conda_cos6-linux-gnu/sysroot/usr/lib/../lib/crtn.o
COLLECT_GCC_OPTIONS='-fvisibility-inlines-hidden' '-std=c++1z' '-fmessage-length=0' '-march=nocona' '-mtune=haswell' '-ftree-vectorize' '-fPIC' '-fstack-protector-strong' '-fno-plt' '-O2' '-ffunction-sections' '-pipe' '-isystem' '/public/home/fengcong/anaconda2/include' '-L/public/home/fengcong/anaconda2/lib' '-v' '-o' 'cmTC_e9af8' '-shared-libgcc'
gmake[1]: Leaving directory `/public/agis/chengshifeng_group/fengcong/WGRS/software/Fc-code/IBScpp/build/CMakeFiles/CMakeTmp'



Parsed CXX implicit include dir info from above output: rv=done
  found start of include info
  found start of implicit include info
    add: [/public/home/fengcong/anaconda2/include]
    add: [/public/agis/chengshifeng_group/fengcong/WGRS/software/masurca/MaSuRCA-3.3.5/tmp/boost_1_74_0/boost]
    add: [.]
    add: [/public/home/fengcong/anaconda2/bin/../lib/gcc/x86_64-conda_cos6-linux-gnu/7.3.0/../../../../x86_64-conda_cos6-linux-gnu/include/c++/7.3.0]
    add: [/public/home/fengcong/anaconda2/bin/../lib/gcc/x86_64-conda_cos6-linux-gnu/7.3.0/../../../../x86_64-conda_cos6-linux-gnu/include/c++/7.3.0/x86_64-conda_cos6-linux-gnu]
    add: [/public/home/fengcong/anaconda2/bin/../lib/gcc/x86_64-conda_cos6-linux-gnu/7.3.0/../../../../x86_64-conda_cos6-linux-gnu/include/c++/7.3.0/backward]
    add: [/public/home/fengcong/anaconda2/bin/../lib/gcc/x86_64-conda_cos6-linux-gnu/7.3.0/include]
    add: [/public/home/fengcong/anaconda2/bin/../lib/gcc/x86_64-conda_cos6-linux-gnu/7.3.0/include-fixed]
    add: [/public/home/fengcong/anaconda2/bin/../lib/gcc/x86_64-conda_cos6-linux-gnu/7.3.0/../../../../x86_64-conda_cos6-linux-gnu/include]
    add: [/public/home/fengcong/anaconda2/bin/../x86_64-conda_cos6-linux-gnu/sysroot/usr/include]
  end of search list found
  collapse include dir [/public/home/fengcong/anaconda2/include] ==> [/public/home/fengcong/anaconda2/include]
  collapse include dir [/public/agis/chengshifeng_group/fengcong/WGRS/software/masurca/MaSuRCA-3.3.5/tmp/boost_1_74_0/boost] ==> [/public/agis/chengshifeng_group/fengcong/WGRS/software/masurca/MaSuRCA-3.3.5/tmp/boost_1_74_0/boost]
  skipping relative include dir [.]
  collapse include dir [/public/home/fengcong/anaconda2/bin/../lib/gcc/x86_64-conda_cos6-linux-gnu/7.3.0/../../../../x86_64-conda_cos6-linux-gnu/include/c++/7.3.0] ==> [/public/home/fengcong/anaconda2/x86_64-conda_cos6-linux-gnu/include/c++/7.3.0]
  collapse include dir [/public/home/fengcong/anaconda2/bin/../lib/gcc/x86_64-conda_cos6-linux-gnu/7.3.0/../../../../x86_64-conda_cos6-linux-gnu/include/c++/7.3.0/x86_64-conda_cos6-linux-gnu] ==> [/public/home/fengcong/anaconda2/x86_64-conda_cos6-linux-gnu/include/c++/7.3.0/x86_64-conda_cos6-linux-gnu]
  collapse include dir [/public/home/fengcong/anaconda2/bin/../lib/gcc/x86_64-conda_cos6-linux-gnu/7.3.0/../../../../x86_64-conda_cos6-linux-gnu/include/c++/7.3.0/backward] ==> [/public/home/fengcong/anaconda2/x86_64-conda_cos6-linux-gnu/include/c++/7.3.0/backward]
  collapse include dir [/public/home/fengcong/anaconda2/bin/../lib/gcc/x86_64-conda_cos6-linux-gnu/7.3.0/include] ==> [/public/home/fengcong/anaconda2/lib/gcc/x86_64-conda_cos6-linux-gnu/7.3.0/include]
  collapse include dir [/public/home/fengcong/anaconda2/bin/../lib/gcc/x86_64-conda_cos6-linux-gnu/7.3.0/include-fixed] ==> [/public/home/fengcong/anaconda2/lib/gcc/x86_64-conda_cos6-linux-gnu/7.3.0/include-fixed]
  collapse include dir [/public/home/fengcong/anaconda2/bin/../lib/gcc/x86_64-conda_cos6-linux-gnu/7.3.0/../../../../x86_64-conda_cos6-linux-gnu/include] ==> [/public/home/fengcong/anaconda2/x86_64-conda_cos6-linux-gnu/include]
  collapse include dir [/public/home/fengcong/anaconda2/bin/../x86_64-conda_cos6-linux-gnu/sysroot/usr/include] ==> [/public/home/fengcong/anaconda2/x86_64-conda_cos6-linux-gnu/sysroot/usr/include]
  implicit include dirs: [/public/home/fengcong/anaconda2/include;/public/agis/chengshifeng_group/fengcong/WGRS/software/masurca/MaSuRCA-3.3.5/tmp/boost_1_74_0/boost;/public/home/fengcong/anaconda2/x86_64-conda_cos6-linux-gnu/include/c++/7.3.0;/public/home/fengcong/anaconda2/x86_64-conda_cos6-linux-gnu/include/c++/7.3.0/x86_64-conda_cos6-linux-gnu;/public/home/fengcong/anaconda2/x86_64-conda_cos6-linux-gnu/include/c++/7.3.0/backward;/public/home/fengcong/anaconda2/lib/gcc/x86_64-conda_cos6-linux-gnu/7.3.0/include;/public/home/fengcong/anaconda2/lib/gcc/x86_64-conda_cos6-linux-gnu/7.3.0/include-fixed;/public/home/fengcong/anaconda2/x86_64-conda_cos6-linux-gnu/include;/public/home/fengcong/anaconda2/x86_64-conda_cos6-linux-gnu/sysroot/usr/include]


Parsed CXX implicit link information from above output:
  link line regex: [^( *|.*[/\])(x86_64-conda_cos6-linux-gnu-ld|CMAKE_LINK_STARTFILE-NOTFOUND|([^/\]+-)?ld|collect2)[^/\]*( |$)]
  ignore line: [Change Dir: /public/agis/chengshifeng_group/fengcong/WGRS/software/Fc-code/IBScpp/build/CMakeFiles/CMakeTmp]
  ignore line: []
  ignore line: [Run Build Command(s):/usr/bin/gmake -f Makefile cmTC_e9af8/fast && /usr/bin/gmake  -f CMakeFiles/cmTC_e9af8.dir/build.make CMakeFiles/cmTC_e9af8.dir/build]
  ignore line: [gmake[1]: Entering directory `/public/agis/chengshifeng_group/fengcong/WGRS/software/Fc-code/IBScpp/build/CMakeFiles/CMakeTmp']
  ignore line: [Building CXX object CMakeFiles/cmTC_e9af8.dir/CMakeCXXCompilerABI.cpp.o]
  ignore line: [/public/home/fengcong/anaconda2/bin/x86_64-conda_cos6-linux-gnu-c++   -fvisibility-inlines-hidden -std=c++17 -fmessage-length=0 -march=nocona -mtune=haswell -ftree-vectorize -fPIC -fstack-protector-strong -fno-plt -O2 -ffunction-sections -pipe -isystem /public/home/fengcong/anaconda2/include    -v -o CMakeFiles/cmTC_e9af8.dir/CMakeCXXCompilerABI.cpp.o -c /public/agis/chengshifeng_group/fengcong/WGRS/software/cmake/install/share/cmake-3.20/Modules/CMakeCXXCompilerABI.cpp]
  ignore line: [Reading specs from /public/home/fengcong/anaconda2/bin/../lib/gcc/x86_64-conda_cos6-linux-gnu/7.3.0/specs]
  ignore line: [COLLECT_GCC=/public/home/fengcong/anaconda2/bin/x86_64-conda_cos6-linux-gnu-c++]
  ignore line: [Target: x86_64-conda_cos6-linux-gnu]
  ignore line: [Configured with: /home/rdonnelly/mc/conda-bld/compilers_linux-64_1534865402226/work/.build/x86_64-conda_cos6-linux-gnu/src/gcc/configure --build=x86_64-build_pc-linux-gnu --host=x86_64-build_pc-linux-gnu --target=x86_64-conda_cos6-linux-gnu --prefix=/home/rdonnelly/mc/conda-bld/compilers_linux-64_1534865402226/work/gcc_built --with-sysroot=/home/rdonnelly/mc/conda-bld/compilers_linux-64_1534865402226/work/gcc_built/x86_64-conda_cos6-linux-gnu/sysroot --enable-languages=c c++ fortran objc obj-c++ --with-pkgversion='crosstool-NG 1.23.0.449-a04d0' --enable-__cxa_atexit --disable-libmudflap --enable-libgomp --disable-libssp --enable-libquadmath --enable-libquadmath-support --enable-libsanitizer --enable-libmpx --with-gmp=/home/rdonnelly/mc/conda-bld/compilers_linux-64_1534865402226/work/.build/x86_64-conda_cos6-linux-gnu/buildtools --with-mpfr=/home/rdonnelly/mc/conda-bld/compilers_linux-64_1534865402226/work/.build/x86_64-conda_cos6-linux-gnu/buildtools --with-mpc=/home/rdonnelly/mc/conda-bld/compilers_linux-64_1534865402226/work/.build/x86_64-conda_cos6-linux-gnu/buildtools --with-isl=/home/rdonnelly/mc/conda-bld/compilers_linux-64_1534865402226/work/.build/x86_64-conda_cos6-linux-gnu/buildtools --enable-lto --enable-threads=posix --enable-target-optspace --enable-plugin --enable-gold --disable-nls --disable-multilib --with-local-prefix=/home/rdonnelly/mc/conda-bld/compilers_linux-64_1534865402226/work/gcc_built/x86_64-conda_cos6-linux-gnu/sysroot --enable-long-long --enable-default-pie]
  ignore line: [Thread model: posix]
  ignore line: [gcc version 7.3.0 (crosstool-NG 1.23.0.449-a04d0) ]
  ignore line: [COLLECT_GCC_OPTIONS='-fvisibility-inlines-hidden' '-std=c++1z' '-fmessage-length=0' '-march=nocona' '-mtune=haswell' '-ftree-vectorize' '-fPIC' '-fstack-protector-strong' '-fno-plt' '-O2' '-ffunction-sections' '-pipe' '-isystem' '/public/home/fengcong/anaconda2/include' '-v' '-o' 'CMakeFiles/cmTC_e9af8.dir/CMakeCXXCompilerABI.cpp.o' '-c' '-shared-libgcc']
  ignore line: [ /public/home/fengcong/anaconda2/bin/../libexec/gcc/x86_64-conda_cos6-linux-gnu/7.3.0/cc1plus -quiet -v -iprefix /public/home/fengcong/anaconda2/bin/../lib/gcc/x86_64-conda_cos6-linux-gnu/7.3.0/ -isysroot /public/home/fengcong/anaconda2/bin/../x86_64-conda_cos6-linux-gnu/sysroot -D_GNU_SOURCE -isystem /public/home/fengcong/anaconda2/include /public/agis/chengshifeng_group/fengcong/WGRS/software/cmake/install/share/cmake-3.20/Modules/CMakeCXXCompilerABI.cpp -quiet -dumpbase CMakeCXXCompilerABI.cpp -march=nocona -mtune=haswell -auxbase-strip CMakeFiles/cmTC_e9af8.dir/CMakeCXXCompilerABI.cpp.o -O2 -std=c++1z -version -fvisibility-inlines-hidden -fmessage-length=0 -ftree-vectorize -fPIC -fstack-protector-strong -fno-plt -ffunction-sections -o - |]
  ignore line: [ /public/home/fengcong/anaconda2/bin/../lib/gcc/x86_64-conda_cos6-linux-gnu/7.3.0/../../../../x86_64-conda_cos6-linux-gnu/bin/as -v --64 -o CMakeFiles/cmTC_e9af8.dir/CMakeCXXCompilerABI.cpp.o]
  ignore line: [GNU assembler version 2.33.1 (x86_64-conda_cos6-linux-gnu) using BFD version (GNU Binutils) 2.33.1]
  ignore line: [GNU C++14 (crosstool-NG 1.23.0.449-a04d0) version 7.3.0 (x86_64-conda_cos6-linux-gnu)]
  ignore line: [	compiled by GNU C version 4.4.7 20120313 (Red Hat 4.4.7-18)  GMP version 6.1.2  MPFR version 4.0.1  MPC version 1.1.0  isl version isl-0.19-GMP]
  ignore line: []
  ignore line: [GGC heuristics: --param ggc-min-expand=100 --param ggc-min-heapsize=131072]
  ignore line: [ignoring duplicate directory "/public/home/fengcong/anaconda2/bin/../lib/gcc/../../lib/gcc/x86_64-conda_cos6-linux-gnu/7.3.0/../../../../x86_64-conda_cos6-linux-gnu/include/c++/7.3.0"]
  ignore line: [ignoring duplicate directory "/public/home/fengcong/anaconda2/bin/../lib/gcc/../../lib/gcc/x86_64-conda_cos6-linux-gnu/7.3.0/../../../../x86_64-conda_cos6-linux-gnu/include/c++/7.3.0/x86_64-conda_cos6-linux-gnu"]
  ignore line: [ignoring duplicate directory "/public/home/fengcong/anaconda2/bin/../lib/gcc/../../lib/gcc/x86_64-conda_cos6-linux-gnu/7.3.0/../../../../x86_64-conda_cos6-linux-gnu/include/c++/7.3.0/backward"]
  ignore line: [ignoring duplicate directory "/public/home/fengcong/anaconda2/bin/../lib/gcc/../../lib/gcc/x86_64-conda_cos6-linux-gnu/7.3.0/include"]
  ignore line: [ignoring nonexistent directory "/public/home/fengcong/anaconda2/bin/../x86_64-conda_cos6-linux-gnu/sysroot/home/rdonnelly/mc/conda-bld/compilers_linux-64_1534865402226/work/gcc_built/x86_64-conda_cos6-linux-gnu/sysroot/include"]
  ignore line: [ignoring duplicate directory "/public/home/fengcong/anaconda2/bin/../lib/gcc/../../lib/gcc/x86_64-conda_cos6-linux-gnu/7.3.0/include-fixed"]
  ignore line: [ignoring duplicate directory "/public/home/fengcong/anaconda2/bin/../lib/gcc/../../lib/gcc/x86_64-conda_cos6-linux-gnu/7.3.0/../../../../x86_64-conda_cos6-linux-gnu/include"]
  ignore line: [#include "..." search starts here:]
  ignore line: [#include <...> search starts here:]
  ignore line: [ /public/home/fengcong/anaconda2/include]
  ignore line: [ /public/agis/chengshifeng_group/fengcong/WGRS/software/masurca/MaSuRCA-3.3.5/tmp/boost_1_74_0/boost]
  ignore line: [ .]
  ignore line: [ /public/home/fengcong/anaconda2/bin/../lib/gcc/x86_64-conda_cos6-linux-gnu/7.3.0/../../../../x86_64-conda_cos6-linux-gnu/include/c++/7.3.0]
  ignore line: [ /public/home/fengcong/anaconda2/bin/../lib/gcc/x86_64-conda_cos6-linux-gnu/7.3.0/../../../../x86_64-conda_cos6-linux-gnu/include/c++/7.3.0/x86_64-conda_cos6-linux-gnu]
  ignore line: [ /public/home/fengcong/anaconda2/bin/../lib/gcc/x86_64-conda_cos6-linux-gnu/7.3.0/../../../../x86_64-conda_cos6-linux-gnu/include/c++/7.3.0/backward]
  ignore line: [ /public/home/fengcong/anaconda2/bin/../lib/gcc/x86_64-conda_cos6-linux-gnu/7.3.0/include]
  ignore line: [ /public/home/fengcong/anaconda2/bin/../lib/gcc/x86_64-conda_cos6-linux-gnu/7.3.0/include-fixed]
  ignore line: [ /public/home/fengcong/anaconda2/bin/../lib/gcc/x86_64-conda_cos6-linux-gnu/7.3.0/../../../../x86_64-conda_cos6-linux-gnu/include]
  ignore line: [ /public/home/fengcong/anaconda2/bin/../x86_64-conda_cos6-linux-gnu/sysroot/usr/include]
  ignore line: [End of search list.]
  ignore line: [GNU C++14 (crosstool-NG 1.23.0.449-a04d0) version 7.3.0 (x86_64-conda_cos6-linux-gnu)]
  ignore line: [	compiled by GNU C version 4.4.7 20120313 (Red Hat 4.4.7-18)  GMP version 6.1.2  MPFR version 4.0.1  MPC version 1.1.0  isl version isl-0.19-GMP]
  ignore line: []
  ignore line: [GGC heuristics: --param ggc-min-expand=100 --param ggc-min-heapsize=131072]
  ignore line: [Compiler executable checksum: 2f61739646e29ad60d2358d78f3bd7b4]
  ignore line: [COMPILER_PATH=/public/home/fengcong/anaconda2/bin/../libexec/gcc/x86_64-conda_cos6-linux-gnu/7.3.0/:/public/home/fengcong/anaconda2/bin/../libexec/gcc/:/public/home/fengcong/anaconda2/bin/../lib/gcc/x86_64-conda_cos6-linux-gnu/7.3.0/../../../../x86_64-conda_cos6-linux-gnu/bin/]
  ignore line: [LIBRARY_PATH=/public/home/fengcong/anaconda2/bin/../lib/gcc/x86_64-conda_cos6-linux-gnu/7.3.0/:/public/home/fengcong/anaconda2/bin/../lib/gcc/:/public/home/fengcong/anaconda2/bin/../lib/gcc/x86_64-conda_cos6-linux-gnu/7.3.0/../../../../x86_64-conda_cos6-linux-gnu/lib/../lib/:/public/home/fengcong/anaconda2/bin/../x86_64-conda_cos6-linux-gnu/sysroot/lib/../lib/:/public/home/fengcong/anaconda2/bin/../x86_64-conda_cos6-linux-gnu/sysroot/usr/lib/../lib/:/public/home/fengcong/anaconda2/bin/../lib/gcc/x86_64-conda_cos6-linux-gnu/7.3.0/../../../../x86_64-conda_cos6-linux-gnu/lib/:/public/home/fengcong/anaconda2/bin/../x86_64-conda_cos6-linux-gnu/sysroot/lib/:/public/home/fengcong/anaconda2/bin/../x86_64-conda_cos6-linux-gnu/sysroot/usr/lib/]
  ignore line: [COLLECT_GCC_OPTIONS='-fvisibility-inlines-hidden' '-std=c++1z' '-fmessage-length=0' '-march=nocona' '-mtune=haswell' '-ftree-vectorize' '-fPIC' '-fstack-protector-strong' '-fno-plt' '-O2' '-ffunction-sections' '-pipe' '-isystem' '/public/home/fengcong/anaconda2/include' '-v' '-o' 'CMakeFiles/cmTC_e9af8.dir/CMakeCXXCompilerABI.cpp.o' '-c' '-shared-libgcc']
  ignore line: [Linking CXX executable cmTC_e9af8]
  ignore line: [/public/agis/chengshifeng_group/fengcong/WGRS/software/cmake/install/bin/cmake -E cmake_link_script CMakeFiles/cmTC_e9af8.dir/link.txt --verbose=1]
  ignore line: [/public/home/fengcong/anaconda2/bin/x86_64-conda_cos6-linux-gnu-c++ -fvisibility-inlines-hidden -std=c++17 -fmessage-length=0 -march=nocona -mtune=haswell -ftree-vectorize -fPIC -fstack-protector-strong -fno-plt -O2 -ffunction-sections -pipe -isystem /public/home/fengcong/anaconda2/include  -Wl -O2 -Wl --sort-common -Wl --as-needed -Wl -z relro -Wl -z now -Wl --disable-new-dtags -Wl --gc-sections -Wl -rpath /public/home/fengcong/anaconda2/lib -Wl -rpath-link /public/home/fengcong/anaconda2/lib -L/public/home/fengcong/anaconda2/lib -v CMakeFiles/cmTC_e9af8.dir/CMakeCXXCompilerABI.cpp.o -o cmTC_e9af8 ]
  ignore line: [Reading specs from /public/home/fengcong/anaconda2/bin/../lib/gcc/x86_64-conda_cos6-linux-gnu/7.3.0/specs]
  ignore line: [COLLECT_GCC=/public/home/fengcong/anaconda2/bin/x86_64-conda_cos6-linux-gnu-c++]
  ignore line: [COLLECT_LTO_WRAPPER=/public/home/fengcong/anaconda2/bin/../libexec/gcc/x86_64-conda_cos6-linux-gnu/7.3.0/lto-wrapper]
  ignore line: [Target: x86_64-conda_cos6-linux-gnu]
  ignore line: [Configured with: /home/rdonnelly/mc/conda-bld/compilers_linux-64_1534865402226/work/.build/x86_64-conda_cos6-linux-gnu/src/gcc/configure --build=x86_64-build_pc-linux-gnu --host=x86_64-build_pc-linux-gnu --target=x86_64-conda_cos6-linux-gnu --prefix=/home/rdonnelly/mc/conda-bld/compilers_linux-64_1534865402226/work/gcc_built --with-sysroot=/home/rdonnelly/mc/conda-bld/compilers_linux-64_1534865402226/work/gcc_built/x86_64-conda_cos6-linux-gnu/sysroot --enable-languages=c c++ fortran objc obj-c++ --with-pkgversion='crosstool-NG 1.23.0.449-a04d0' --enable-__cxa_atexit --disable-libmudflap --enable-libgomp --disable-libssp --enable-libquadmath --enable-libquadmath-support --enable-libsanitizer --enable-libmpx --with-gmp=/home/rdonnelly/mc/conda-bld/compilers_linux-64_1534865402226/work/.build/x86_64-conda_cos6-linux-gnu/buildtools --with-mpfr=/home/rdonnelly/mc/conda-bld/compilers_linux-64_1534865402226/work/.build/x86_64-conda_cos6-linux-gnu/buildtools --with-mpc=/home/rdonnelly/mc/conda-bld/compilers_linux-64_1534865402226/work/.build/x86_64-conda_cos6-linux-gnu/buildtools --with-isl=/home/rdonnelly/mc/conda-bld/compilers_linux-64_1534865402226/work/.build/x86_64-conda_cos6-linux-gnu/buildtools --enable-lto --enable-threads=posix --enable-target-optspace --enable-plugin --enable-gold --disable-nls --disable-multilib --with-local-prefix=/home/rdonnelly/mc/conda-bld/compilers_linux-64_1534865402226/work/gcc_built/x86_64-conda_cos6-linux-gnu/sysroot --enable-long-long --enable-default-pie]
  ignore line: [Thread model: posix]
  ignore line: [gcc version 7.3.0 (crosstool-NG 1.23.0.449-a04d0) ]
  ignore line: [COMPILER_PATH=/public/home/fengcong/anaconda2/bin/../libexec/gcc/x86_64-conda_cos6-linux-gnu/7.3.0/:/public/home/fengcong/anaconda2/bin/../libexec/gcc/:/public/home/fengcong/anaconda2/bin/../lib/gcc/x86_64-conda_cos6-linux-gnu/7.3.0/../../../../x86_64-conda_cos6-linux-gnu/bin/]
  ignore line: [LIBRARY_PATH=/public/home/fengcong/anaconda2/bin/../lib/gcc/x86_64-conda_cos6-linux-gnu/7.3.0/:/public/home/fengcong/anaconda2/bin/../lib/gcc/:/public/home/fengcong/anaconda2/bin/../lib/gcc/x86_64-conda_cos6-linux-gnu/7.3.0/../../../../x86_64-conda_cos6-linux-gnu/lib/../lib/:/public/home/fengcong/anaconda2/bin/../x86_64-conda_cos6-linux-gnu/sysroot/lib/../lib/:/public/home/fengcong/anaconda2/bin/../x86_64-conda_cos6-linux-gnu/sysroot/usr/lib/../lib/:/public/home/fengcong/anaconda2/bin/../lib/gcc/x86_64-conda_cos6-linux-gnu/7.3.0/../../../../x86_64-conda_cos6-linux-gnu/lib/:/public/home/fengcong/anaconda2/bin/../x86_64-conda_cos6-linux-gnu/sysroot/lib/:/public/home/fengcong/anaconda2/bin/../x86_64-conda_cos6-linux-gnu/sysroot/usr/lib/]
  ignore line: [COLLECT_GCC_OPTIONS='-fvisibility-inlines-hidden' '-std=c++1z' '-fmessage-length=0' '-march=nocona' '-mtune=haswell' '-ftree-vectorize' '-fPIC' '-fstack-protector-strong' '-fno-plt' '-O2' '-ffunction-sections' '-pipe' '-isystem' '/public/home/fengcong/anaconda2/include' '-L/public/home/fengcong/anaconda2/lib' '-v' '-o' 'cmTC_e9af8' '-shared-libgcc']
  link line: [ /public/home/fengcong/anaconda2/bin/../libexec/gcc/x86_64-conda_cos6-linux-gnu/7.3.0/collect2 -plugin /public/home/fengcong/anaconda2/bin/../libexec/gcc/x86_64-conda_cos6-linux-gnu/7.3.0/liblto_plugin.so -plugin-opt=/public/home/fengcong/anaconda2/bin/../libexec/gcc/x86_64-conda_cos6-linux-gnu/7.3.0/lto-wrapper -plugin-opt=-fresolution=/tmp/cckgHQd7.res -plugin-opt=-pass-through=-lgcc_s -plugin-opt=-pass-through=-lgcc -plugin-opt=-pass-through=-lc -plugin-opt=-pass-through=-lgcc_s -plugin-opt=-pass-through=-lgcc --sysroot=/public/home/fengcong/anaconda2/bin/../x86_64-conda_cos6-linux-gnu/sysroot --eh-frame-hdr -m elf_x86_64 -dynamic-linker /lib64/ld-linux-x86-64.so.2 -pie -o cmTC_e9af8 /public/home/fengcong/anaconda2/bin/../x86_64-conda_cos6-linux-gnu/sysroot/usr/lib/../lib/Scrt1.o /public/home/fengcong/anaconda2/bin/../x86_64-conda_cos6-linux-gnu/sysroot/usr/lib/../lib/crti.o /public/home/fengcong/anaconda2/bin/../lib/gcc/x86_64-conda_cos6-linux-gnu/7.3.0/crtbeginS.o -L/public/home/fengcong/anaconda2/lib -L/public/home/fengcong/anaconda2/bin/../lib/gcc/x86_64-conda_cos6-linux-gnu/7.3.0 -L/public/home/fengcong/anaconda2/bin/../lib/gcc -L/public/home/fengcong/anaconda2/bin/../lib/gcc/x86_64-conda_cos6-linux-gnu/7.3.0/../../../../x86_64-conda_cos6-linux-gnu/lib/../lib -L/public/home/fengcong/anaconda2/bin/../x86_64-conda_cos6-linux-gnu/sysroot/lib/../lib -L/public/home/fengcong/anaconda2/bin/../x86_64-conda_cos6-linux-gnu/sysroot/usr/lib/../lib -L/public/home/fengcong/anaconda2/bin/../lib/gcc/x86_64-conda_cos6-linux-gnu/7.3.0/../../../../x86_64-conda_cos6-linux-gnu/lib -L/public/home/fengcong/anaconda2/bin/../x86_64-conda_cos6-linux-gnu/sysroot/lib -L/public/home/fengcong/anaconda2/bin/../x86_64-conda_cos6-linux-gnu/sysroot/usr/lib -rpath /public/home/fengcong/anaconda2/lib -O2 --sort-common --as-needed -z relro -z now --disable-new-dtags --gc-sections -rpath /public/home/fengcong/anaconda2/lib -rpath-link /public/home/fengcong/anaconda2/lib CMakeFiles/cmTC_e9af8.dir/CMakeCXXCompilerABI.cpp.o -lstdc++ -lm -lgcc_s -lgcc -lc -lgcc_s -lgcc /public/home/fengcong/anaconda2/bin/../lib/gcc/x86_64-conda_cos6-linux-gnu/7.3.0/crtendS.o /public/home/fengcong/anaconda2/bin/../x86_64-conda_cos6-linux-gnu/sysroot/usr/lib/../lib/crtn.o]
    arg [/public/home/fengcong/anaconda2/bin/../libexec/gcc/x86_64-conda_cos6-linux-gnu/7.3.0/collect2] ==> ignore
    arg [-plugin] ==> ignore
    arg [/public/home/fengcong/anaconda2/bin/../libexec/gcc/x86_64-conda_cos6-linux-gnu/7.3.0/liblto_plugin.so] ==> ignore
    arg [-plugin-opt=/public/home/fengcong/anaconda2/bin/../libexec/gcc/x86_64-conda_cos6-linux-gnu/7.3.0/lto-wrapper] ==> ignore
    arg [-plugin-opt=-fresolution=/tmp/cckgHQd7.res] ==> ignore
    arg [-plugin-opt=-pass-through=-lgcc_s] ==> ignore
    arg [-plugin-opt=-pass-through=-lgcc] ==> ignore
    arg [-plugin-opt=-pass-through=-lc] ==> ignore
    arg [-plugin-opt=-pass-through=-lgcc_s] ==> ignore
    arg [-plugin-opt=-pass-through=-lgcc] ==> ignore
    arg [--sysroot=/public/home/fengcong/anaconda2/bin/../x86_64-conda_cos6-linux-gnu/sysroot] ==> ignore
    arg [--eh-frame-hdr] ==> ignore
    arg [-m] ==> ignore
    arg [elf_x86_64] ==> ignore
    arg [-dynamic-linker] ==> ignore
    arg [/lib64/ld-linux-x86-64.so.2] ==> ignore
    arg [-pie] ==> ignore
    arg [-o] ==> ignore
    arg [cmTC_e9af8] ==> ignore
    arg [/public/home/fengcong/anaconda2/bin/../x86_64-conda_cos6-linux-gnu/sysroot/usr/lib/../lib/Scrt1.o] ==> obj [/public/home/fengcong/anaconda2/bin/../x86_64-conda_cos6-linux-gnu/sysroot/usr/lib/../lib/Scrt1.o]
    arg [/public/home/fengcong/anaconda2/bin/../x86_64-conda_cos6-linux-gnu/sysroot/usr/lib/../lib/crti.o] ==> obj [/public/home/fengcong/anaconda2/bin/../x86_64-conda_cos6-linux-gnu/sysroot/usr/lib/../lib/crti.o]
    arg [/public/home/fengcong/anaconda2/bin/../lib/gcc/x86_64-conda_cos6-linux-gnu/7.3.0/crtbeginS.o] ==> obj [/public/home/fengcong/anaconda2/bin/../lib/gcc/x86_64-conda_cos6-linux-gnu/7.3.0/crtbeginS.o]
    arg [-L/public/home/fengcong/anaconda2/lib] ==> dir [/public/home/fengcong/anaconda2/lib]
    arg [-L/public/home/fengcong/anaconda2/bin/../lib/gcc/x86_64-conda_cos6-linux-gnu/7.3.0] ==> dir [/public/home/fengcong/anaconda2/bin/../lib/gcc/x86_64-conda_cos6-linux-gnu/7.3.0]
    arg [-L/public/home/fengcong/anaconda2/bin/../lib/gcc] ==> dir [/public/home/fengcong/anaconda2/bin/../lib/gcc]
    arg [-L/public/home/fengcong/anaconda2/bin/../lib/gcc/x86_64-conda_cos6-linux-gnu/7.3.0/../../../../x86_64-conda_cos6-linux-gnu/lib/../lib] ==> dir [/public/home/fengcong/anaconda2/bin/../lib/gcc/x86_64-conda_cos6-linux-gnu/7.3.0/../../../../x86_64-conda_cos6-linux-gnu/lib/../lib]
    arg [-L/public/home/fengcong/anaconda2/bin/../x86_64-conda_cos6-linux-gnu/sysroot/lib/../lib] ==> dir [/public/home/fengcong/anaconda2/bin/../x86_64-conda_cos6-linux-gnu/sysroot/lib/../lib]
    arg [-L/public/home/fengcong/anaconda2/bin/../x86_64-conda_cos6-linux-gnu/sysroot/usr/lib/../lib] ==> dir [/public/home/fengcong/anaconda2/bin/../x86_64-conda_cos6-linux-gnu/sysroot/usr/lib/../lib]
    arg [-L/public/home/fengcong/anaconda2/bin/../lib/gcc/x86_64-conda_cos6-linux-gnu/7.3.0/../../../../x86_64-conda_cos6-linux-gnu/lib] ==> dir [/public/home/fengcong/anaconda2/bin/../lib/gcc/x86_64-conda_cos6-linux-gnu/7.3.0/../../../../x86_64-conda_cos6-linux-gnu/lib]
    arg [-L/public/home/fengcong/anaconda2/bin/../x86_64-conda_cos6-linux-gnu/sysroot/lib] ==> dir [/public/home/fengcong/anaconda2/bin/../x86_64-conda_cos6-linux-gnu/sysroot/lib]
    arg [-L/public/home/fengcong/anaconda2/bin/../x86_64-conda_cos6-linux-gnu/sysroot/usr/lib] ==> dir [/public/home/fengcong/anaconda2/bin/../x86_64-conda_cos6-linux-gnu/sysroot/usr/lib]
    arg [-rpath] ==> ignore
    arg [/public/home/fengcong/anaconda2/lib] ==> ignore
    arg [-O2] ==> ignore
    arg [--sort-common] ==> ignore
    arg [--as-needed] ==> ignore
    arg [-zrelro] ==> ignore
    arg [-znow] ==> ignore
    arg [--disable-new-dtags] ==> ignore
    arg [--gc-sections] ==> ignore
    arg [-rpath] ==> ignore
    arg [/public/home/fengcong/anaconda2/lib] ==> ignore
    arg [-rpath-link] ==> ignore
    arg [/public/home/fengcong/anaconda2/lib] ==> ignore
    arg [CMakeFiles/cmTC_e9af8.dir/CMakeCXXCompilerABI.cpp.o] ==> ignore
    arg [-lstdc++] ==> lib [stdc++]
    arg [-lm] ==> lib [m]
    arg [-lgcc_s] ==> lib [gcc_s]
    arg [-lgcc] ==> lib [gcc]
    arg [-lc] ==> lib [c]
    arg [-lgcc_s] ==> lib [gcc_s]
    arg [-lgcc] ==> lib [gcc]
    arg [/public/home/fengcong/anaconda2/bin/../lib/gcc/x86_64-conda_cos6-linux-gnu/7.3.0/crtendS.o] ==> obj [/public/home/fengcong/anaconda2/bin/../lib/gcc/x86_64-conda_cos6-linux-gnu/7.3.0/crtendS.o]
    arg [/public/home/fengcong/anaconda2/bin/../x86_64-conda_cos6-linux-gnu/sysroot/usr/lib/../lib/crtn.o] ==> obj [/public/home/fengcong/anaconda2/bin/../x86_64-conda_cos6-linux-gnu/sysroot/usr/lib/../lib/crtn.o]
  collapse obj [/public/home/fengcong/anaconda2/bin/../x86_64-conda_cos6-linux-gnu/sysroot/usr/lib/../lib/Scrt1.o] ==> [/public/home/fengcong/anaconda2/x86_64-conda_cos6-linux-gnu/sysroot/usr/lib/Scrt1.o]
  collapse obj [/public/home/fengcong/anaconda2/bin/../x86_64-conda_cos6-linux-gnu/sysroot/usr/lib/../lib/crti.o] ==> [/public/home/fengcong/anaconda2/x86_64-conda_cos6-linux-gnu/sysroot/usr/lib/crti.o]
  collapse obj [/public/home/fengcong/anaconda2/bin/../lib/gcc/x86_64-conda_cos6-linux-gnu/7.3.0/crtbeginS.o] ==> [/public/home/fengcong/anaconda2/lib/gcc/x86_64-conda_cos6-linux-gnu/7.3.0/crtbeginS.o]
  collapse obj [/public/home/fengcong/anaconda2/bin/../lib/gcc/x86_64-conda_cos6-linux-gnu/7.3.0/crtendS.o] ==> [/public/home/fengcong/anaconda2/lib/gcc/x86_64-conda_cos6-linux-gnu/7.3.0/crtendS.o]
  collapse obj [/public/home/fengcong/anaconda2/bin/../x86_64-conda_cos6-linux-gnu/sysroot/usr/lib/../lib/crtn.o] ==> [/public/home/fengcong/anaconda2/x86_64-conda_cos6-linux-gnu/sysroot/usr/lib/crtn.o]
  collapse library dir [/public/home/fengcong/anaconda2/lib] ==> [/public/home/fengcong/anaconda2/lib]
  collapse library dir [/public/home/fengcong/anaconda2/bin/../lib/gcc/x86_64-conda_cos6-linux-gnu/7.3.0] ==> [/public/home/fengcong/anaconda2/lib/gcc/x86_64-conda_cos6-linux-gnu/7.3.0]
  collapse library dir [/public/home/fengcong/anaconda2/bin/../lib/gcc] ==> [/public/home/fengcong/anaconda2/lib/gcc]
  collapse library dir [/public/home/fengcong/anaconda2/bin/../lib/gcc/x86_64-conda_cos6-linux-gnu/7.3.0/../../../../x86_64-conda_cos6-linux-gnu/lib/../lib] ==> [/public/home/fengcong/anaconda2/x86_64-conda_cos6-linux-gnu/lib]
  collapse library dir [/public/home/fengcong/anaconda2/bin/../x86_64-conda_cos6-linux-gnu/sysroot/lib/../lib] ==> [/public/home/fengcong/anaconda2/x86_64-conda_cos6-linux-gnu/sysroot/lib]
  collapse library dir [/public/home/fengcong/anaconda2/bin/../x86_64-conda_cos6-linux-gnu/sysroot/usr/lib/../lib] ==> [/public/home/fengcong/anaconda2/x86_64-conda_cos6-linux-gnu/sysroot/usr/lib]
  collapse library dir [/public/home/fengcong/anaconda2/bin/../lib/gcc/x86_64-conda_cos6-linux-gnu/7.3.0/../../../../x86_64-conda_cos6-linux-gnu/lib] ==> [/public/home/fengcong/anaconda2/x86_64-conda_cos6-linux-gnu/lib]
  collapse library dir [/public/home/fengcong/anaconda2/bin/../x86_64-conda_cos6-linux-gnu/sysroot/lib] ==> [/public/home/fengcong/anaconda2/x86_64-conda_cos6-linux-gnu/sysroot/lib]
  collapse library dir [/public/home/fengcong/anaconda2/bin/../x86_64-conda_cos6-linux-gnu/sysroot/usr/lib] ==> [/public/home/fengcong/anaconda2/x86_64-conda_cos6-linux-gnu/sysroot/usr/lib]
  implicit libs: [stdc++;m;gcc_s;gcc;c;gcc_s;gcc]
  implicit objs: [/public/home/fengcong/anaconda2/x86_64-conda_cos6-linux-gnu/sysroot/usr/lib/Scrt1.o;/public/home/fengcong/anaconda2/x86_64-conda_cos6-linux-gnu/sysroot/usr/lib/crti.o;/public/home/fengcong/anaconda2/lib/gcc/x86_64-conda_cos6-linux-gnu/7.3.0/crtbeginS.o;/public/home/fengcong/anaconda2/lib/gcc/x86_64-conda_cos6-linux-gnu/7.3.0/crtendS.o;/public/home/fengcong/anaconda2/x86_64-conda_cos6-linux-gnu/sysroot/usr/lib/crtn.o]
  implicit dirs: [/public/home/fengcong/anaconda2/lib;/public/home/fengcong/anaconda2/lib/gcc/x86_64-conda_cos6-linux-gnu/7.3.0;/public/home/fengcong/anaconda2/lib/gcc;/public/home/fengcong/anaconda2/x86_64-conda_cos6-linux-gnu/lib;/public/home/fengcong/anaconda2/x86_64-conda_cos6-linux-gnu/sysroot/lib;/public/home/fengcong/anaconda2/x86_64-conda_cos6-linux-gnu/sysroot/usr/lib]
  implicit fwks: []


Determining if the include file pthread.h exists passed with the following output:
Change Dir: /public/agis/chengshifeng_group/fengcong/WGRS/software/Fc-code/IBScpp/build/CMakeFiles/CMakeTmp

Run Build Command(s):/usr/bin/gmake -f Makefile cmTC_09cc6/fast && /usr/bin/gmake  -f CMakeFiles/cmTC_09cc6.dir/build.make CMakeFiles/cmTC_09cc6.dir/build
gmake[1]: Entering directory `/public/agis/chengshifeng_group/fengcong/WGRS/software/Fc-code/IBScpp/build/CMakeFiles/CMakeTmp'
Building C object CMakeFiles/cmTC_09cc6.dir/CheckIncludeFile.c.o
/public/home/fengcong/anaconda2/bin/x86_64-conda_cos6-linux-gnu-cc   -march=nocona -mtune=haswell -ftree-vectorize -fPIC -fstack-protector-strong -fno-plt -O2 -ffunction-sections -pipe -isystem /public/home/fengcong/anaconda2/include  -o CMakeFiles/cmTC_09cc6.dir/CheckIncludeFile.c.o -c /public/agis/chengshifeng_group/fengcong/WGRS/software/Fc-code/IBScpp/build/CMakeFiles/CMakeTmp/CheckIncludeFile.c
Linking C executable cmTC_09cc6
/public/agis/chengshifeng_group/fengcong/WGRS/software/cmake/install/bin/cmake -E cmake_link_script CMakeFiles/cmTC_09cc6.dir/link.txt --verbose=1
/public/home/fengcong/anaconda2/bin/x86_64-conda_cos6-linux-gnu-cc -march=nocona -mtune=haswell -ftree-vectorize -fPIC -fstack-protector-strong -fno-plt -O2 -ffunction-sections -pipe -isystem /public/home/fengcong/anaconda2/include  -Wl,-O2 -Wl,--sort-common -Wl,--as-needed -Wl,-z,relro -Wl,-z,now -Wl,--disable-new-dtags -Wl,--gc-sections -Wl,-rpath,/public/home/fengcong/anaconda2/lib -Wl,-rpath-link,/public/home/fengcong/anaconda2/lib -L/public/home/fengcong/anaconda2/lib  CMakeFiles/cmTC_09cc6.dir/CheckIncludeFile.c.o -o cmTC_09cc6 
gmake[1]: Leaving directory `/public/agis/chengshifeng_group/fengcong/WGRS/software/Fc-code/IBScpp/build/CMakeFiles/CMakeTmp'



Determining if the function pthread_create exists in the pthread passed with the following output:
Change Dir: /public/agis/chengshifeng_group/fengcong/WGRS/software/Fc-code/IBScpp/build/CMakeFiles/CMakeTmp

Run Build Command(s):/usr/bin/gmake -f Makefile cmTC_a1aba/fast && /usr/bin/gmake  -f CMakeFiles/cmTC_a1aba.dir/build.make CMakeFiles/cmTC_a1aba.dir/build
gmake[1]: Entering directory `/public/agis/chengshifeng_group/fengcong/WGRS/software/Fc-code/IBScpp/build/CMakeFiles/CMakeTmp'
Building C object CMakeFiles/cmTC_a1aba.dir/CheckFunctionExists.c.o
/public/home/fengcong/anaconda2/bin/x86_64-conda_cos6-linux-gnu-cc   -march=nocona -mtune=haswell -ftree-vectorize -fPIC -fstack-protector-strong -fno-plt -O2 -ffunction-sections -pipe -isystem /public/home/fengcong/anaconda2/include -DCHECK_FUNCTION_EXISTS=pthread_create -o CMakeFiles/cmTC_a1aba.dir/CheckFunctionExists.c.o -c /public/agis/chengshifeng_group/fengcong/WGRS/software/cmake/install/share/cmake-3.20/Modules/CheckFunctionExists.c
Linking C executable cmTC_a1aba
/public/agis/chengshifeng_group/fengcong/WGRS/software/cmake/install/bin/cmake -E cmake_link_script CMakeFiles/cmTC_a1aba.dir/link.txt --verbose=1
/public/home/fengcong/anaconda2/bin/x86_64-conda_cos6-linux-gnu-cc -march=nocona -mtune=haswell -ftree-vectorize -fPIC -fstack-protector-strong -fno-plt -O2 -ffunction-sections -pipe -isystem /public/home/fengcong/anaconda2/include -DCHECK_FUNCTION_EXISTS=pthread_create -Wl,-O2 -Wl,--sort-common -Wl,--as-needed -Wl,-z,relro -Wl,-z,now -Wl,--disable-new-dtags -Wl,--gc-sections -Wl,-rpath,/public/home/fengcong/anaconda2/lib -Wl,-rpath-link,/public/home/fengcong/anaconda2/lib -L/public/home/fengcong/anaconda2/lib  CMakeFiles/cmTC_a1aba.dir/CheckFunctionExists.c.o -o cmTC_a1aba  -lpthread 
gmake[1]: Leaving directory `/public/agis/chengshifeng_group/fengcong/WGRS/software/Fc-code/IBScpp/build/CMakeFiles/CMakeTmp'



