Performing C SOURCE FILE Test CMAKE_HAVE_LIBC_PTHREAD failed with the following output:
Change Dir: /public/agis/chengshifeng_group/fengcong/WGRS/software/Fc-code/IBScpp/build/CMakeFiles/CMakeTmp

Run Build Command(s):/usr/bin/gmake -f Makefile cmTC_69d76/fast && /usr/bin/gmake  -f CMakeFiles/cmTC_69d76.dir/build.make CMakeFiles/cmTC_69d76.dir/build
gmake[1]: Entering directory `/public/agis/chengshifeng_group/fengcong/WGRS/software/Fc-code/IBScpp/build/CMakeFiles/CMakeTmp'
Building C object CMakeFiles/cmTC_69d76.dir/src.c.o
/public/home/fengcong/anaconda2/bin/x86_64-conda_cos6-linux-gnu-cc -DCMAKE_HAVE_LIBC_PTHREAD  -march=nocona -mtune=haswell -ftree-vectorize -fPIC -fstack-protector-strong -fno-plt -O2 -ffunction-sections -pipe -isystem /public/home/fengcong/anaconda2/include  -o CMakeFiles/cmTC_69d76.dir/src.c.o -c /public/agis/chengshifeng_group/fengcong/WGRS/software/Fc-code/IBScpp/build/CMakeFiles/CMakeTmp/src.c
Linking C executable cmTC_69d76
/public/agis/chengshifeng_group/fengcong/WGRS/software/cmake/install/bin/cmake -E cmake_link_script CMakeFiles/cmTC_69d76.dir/link.txt --verbose=1
/public/home/fengcong/anaconda2/bin/x86_64-conda_cos6-linux-gnu-cc -march=nocona -mtune=haswell -ftree-vectorize -fPIC -fstack-protector-strong -fno-plt -O2 -ffunction-sections -pipe -isystem /public/home/fengcong/anaconda2/include  -Wl,-O2 -Wl,--sort-common -Wl,--as-needed -Wl,-z,relro -Wl,-z,now -Wl,--disable-new-dtags -Wl,--gc-sections -Wl,-rpath,/public/home/fengcong/anaconda2/lib -Wl,-rpath-link,/public/home/fengcong/anaconda2/lib -L/public/home/fengcong/anaconda2/lib  CMakeFiles/cmTC_69d76.dir/src.c.o -o cmTC_69d76 
/public/home/fengcong/anaconda2/bin/../lib/gcc/x86_64-conda_cos6-linux-gnu/7.3.0/../../../../x86_64-conda_cos6-linux-gnu/bin/ld: CMakeFiles/cmTC_69d76.dir/src.c.o: in function `main':
src.c:(.text.startup.main+0x24): undefined reference to `pthread_create'
/public/home/fengcong/anaconda2/bin/../lib/gcc/x86_64-conda_cos6-linux-gnu/7.3.0/../../../../x86_64-conda_cos6-linux-gnu/bin/ld: src.c:(.text.startup.main+0x2e): undefined reference to `pthread_detach'
/public/home/fengcong/anaconda2/bin/../lib/gcc/x86_64-conda_cos6-linux-gnu/7.3.0/../../../../x86_64-conda_cos6-linux-gnu/bin/ld: src.c:(.text.startup.main+0x38): undefined reference to `pthread_cancel'
/public/home/fengcong/anaconda2/bin/../lib/gcc/x86_64-conda_cos6-linux-gnu/7.3.0/../../../../x86_64-conda_cos6-linux-gnu/bin/ld: src.c:(.text.startup.main+0x44): undefined reference to `pthread_join'
/public/home/fengcong/anaconda2/bin/../lib/gcc/x86_64-conda_cos6-linux-gnu/7.3.0/../../../../x86_64-conda_cos6-linux-gnu/bin/ld: src.c:(.text.startup.main+0x50): undefined reference to `pthread_atfork'
collect2: error: ld returned 1 exit status
gmake[1]: *** [cmTC_69d76] Error 1
gmake[1]: Leaving directory `/public/agis/chengshifeng_group/fengcong/WGRS/software/Fc-code/IBScpp/build/CMakeFiles/CMakeTmp'
gmake: *** [cmTC_69d76/fast] Error 2


Source file was:
#include <pthread.h>

static void* test_func(void* data)
{
  return data;
}

int main(void)
{
  pthread_t thread;
  pthread_create(&thread, NULL, test_func, NULL);
  pthread_detach(thread);
  pthread_cancel(thread);
  pthread_join(thread, NULL);
  pthread_atfork(NULL, NULL, NULL);
  pthread_exit(NULL);

  return 0;
}

Determining if the function pthread_create exists in the pthreads failed with the following output:
Change Dir: /public/agis/chengshifeng_group/fengcong/WGRS/software/Fc-code/IBScpp/build/CMakeFiles/CMakeTmp

Run Build Command(s):/usr/bin/gmake -f Makefile cmTC_68120/fast && /usr/bin/gmake  -f CMakeFiles/cmTC_68120.dir/build.make CMakeFiles/cmTC_68120.dir/build
gmake[1]: Entering directory `/public/agis/chengshifeng_group/fengcong/WGRS/software/Fc-code/IBScpp/build/CMakeFiles/CMakeTmp'
Building C object CMakeFiles/cmTC_68120.dir/CheckFunctionExists.c.o
/public/home/fengcong/anaconda2/bin/x86_64-conda_cos6-linux-gnu-cc   -march=nocona -mtune=haswell -ftree-vectorize -fPIC -fstack-protector-strong -fno-plt -O2 -ffunction-sections -pipe -isystem /public/home/fengcong/anaconda2/include -DCHECK_FUNCTION_EXISTS=pthread_create -o CMakeFiles/cmTC_68120.dir/CheckFunctionExists.c.o -c /public/agis/chengshifeng_group/fengcong/WGRS/software/cmake/install/share/cmake-3.20/Modules/CheckFunctionExists.c
Linking C executable cmTC_68120
/public/agis/chengshifeng_group/fengcong/WGRS/software/cmake/install/bin/cmake -E cmake_link_script CMakeFiles/cmTC_68120.dir/link.txt --verbose=1
/public/home/fengcong/anaconda2/bin/x86_64-conda_cos6-linux-gnu-cc -march=nocona -mtune=haswell -ftree-vectorize -fPIC -fstack-protector-strong -fno-plt -O2 -ffunction-sections -pipe -isystem /public/home/fengcong/anaconda2/include -DCHECK_FUNCTION_EXISTS=pthread_create -Wl,-O2 -Wl,--sort-common -Wl,--as-needed -Wl,-z,relro -Wl,-z,now -Wl,--disable-new-dtags -Wl,--gc-sections -Wl,-rpath,/public/home/fengcong/anaconda2/lib -Wl,-rpath-link,/public/home/fengcong/anaconda2/lib -L/public/home/fengcong/anaconda2/lib  CMakeFiles/cmTC_68120.dir/CheckFunctionExists.c.o -o cmTC_68120  -lpthreads 
/public/home/fengcong/anaconda2/bin/../lib/gcc/x86_64-conda_cos6-linux-gnu/7.3.0/../../../../x86_64-conda_cos6-linux-gnu/bin/ld: cannot find -lpthreads
collect2: error: ld returned 1 exit status
gmake[1]: *** [cmTC_68120] Error 1
gmake[1]: Leaving directory `/public/agis/chengshifeng_group/fengcong/WGRS/software/Fc-code/IBScpp/build/CMakeFiles/CMakeTmp'
gmake: *** [cmTC_68120/fast] Error 2



